{"ts": "2025-08-10T21:32:52+0800", "level": "ERROR", "logger": "runner", "msg": "runner_loop_error", "exc_info": "Traceback (most recent call last):\n  File \"D:\\Programming\\auto-gaming\\.venv\\Lib\\site-packages\\pytesseract\\pytesseract.py\", line 275, in run_tesseract\n    proc = subprocess.Popen(cmd_args, **subprocess_args())\n           ^^^^^^^^^^^^^^^^^^^^^^^^^^^^^^^^^^^^^^^^^^^^^^^\n  File \"C:\\Users\\caspa\\AppData\\Local\\Programs\\Python\\Python311\\Lib\\subprocess.py\", line 1026, in __init__\n    self._execute_child(args, executable, preexec_fn, close_fds,\n  File \"C:\\Users\\caspa\\AppData\\Local\\Programs\\Python\\Python311\\Lib\\subprocess.py\", line 1538, in _execute_child\n    hp, ht, pid, tid = _winapi.CreateProcess(executable, args,\n                       ^^^^^^^^^^^^^^^^^^^^^^^^^^^^^^^^^^^^^^^\nFileNotFoundError: [WinError 2] The system cannot find the file specified\n\nDuring handling of the above exception, another exception occurred:\n\nTraceback (most recent call last):\n  File \"D:\\Programming\\auto-gaming\\app\\agents\\runner.py\", line 100, in _run_loop\n    state = encode_state(image)\n            ^^^^^^^^^^^^^^^^^^^\n  File \"D:\\Programming\\auto-gaming\\app\\state\\encoder.py\", line 22, in encode_state\n    parsed = ocr_lines(image)\n             ^^^^^^^^^^^^^^^^\n  File \"D:\\Programming\\auto-gaming\\app\\perception\\parser.py\", line 19, in ocr_lines\n    text = run_ocr(image)\n           ^^^^^^^^^^^^^^\n  File \"D:\\Programming\\auto-gaming\\app\\services\\ocr\\tesseract_adapter.py\", line 29, in run_ocr\n    text: str = cast(Any, pytesseract).image_to_string(image, lang=language, config=config)\n                ^^^^^^^^^^^^^^^^^^^^^^^^^^^^^^^^^^^^^^^^^^^^^^^^^^^^^^^^^^^^^^^^^^^^^^^^^^^\n  File \"D:\\Programming\\auto-gaming\\.venv\\Lib\\site-packages\\pytesseract\\pytesseract.py\", line 486, in image_to_string\n    return {\n           ^\n  File \"D:\\Programming\\auto-gaming\\.venv\\Lib\\site-packages\\pytesseract\\pytesseract.py\", line 489, in <lambda>\n    Output.STRING: lambda: run_and_get_output(*args),\n                           ^^^^^^^^^^^^^^^^^^^^^^^^^\n  File \"D:\\Programming\\auto-gaming\\.venv\\Lib\\site-packages\\pytesseract\\pytesseract.py\", line 352, in run_and_get_output\n    run_tesseract(**kwargs)\n  File \"D:\\Programming\\auto-gaming\\.venv\\Lib\\site-packages\\pytesseract\\pytesseract.py\", line 280, in run_tesseract\n    raise TesseractNotFoundError()\npytesseract.pytesseract.TesseractNotFoundError: tesseract is not installed or it's not in your PATH. See README file for more information."}
{"ts": "2025-08-10T21:32:56+0800", "level": "ERROR", "logger": "runner", "msg": "runner_loop_error", "exc_info": "Traceback (most recent call last):\n  File \"D:\\Programming\\auto-gaming\\.venv\\Lib\\site-packages\\pytesseract\\pytesseract.py\", line 275, in run_tesseract\n    proc = subprocess.Popen(cmd_args, **subprocess_args())\n           ^^^^^^^^^^^^^^^^^^^^^^^^^^^^^^^^^^^^^^^^^^^^^^^\n  File \"C:\\Users\\caspa\\AppData\\Local\\Programs\\Python\\Python311\\Lib\\subprocess.py\", line 1026, in __init__\n    self._execute_child(args, executable, preexec_fn, close_fds,\n  File \"C:\\Users\\caspa\\AppData\\Local\\Programs\\Python\\Python311\\Lib\\subprocess.py\", line 1538, in _execute_child\n    hp, ht, pid, tid = _winapi.CreateProcess(executable, args,\n                       ^^^^^^^^^^^^^^^^^^^^^^^^^^^^^^^^^^^^^^^\nFileNotFoundError: [WinError 2] The system cannot find the file specified\n\nDuring handling of the above exception, another exception occurred:\n\nTraceback (most recent call last):\n  File \"D:\\Programming\\auto-gaming\\app\\agents\\runner.py\", line 100, in _run_loop\n    state = encode_state(image)\n            ^^^^^^^^^^^^^^^^^^^\n  File \"D:\\Programming\\auto-gaming\\app\\state\\encoder.py\", line 22, in encode_state\n    parsed = ocr_lines(image)\n             ^^^^^^^^^^^^^^^^\n  File \"D:\\Programming\\auto-gaming\\app\\perception\\parser.py\", line 19, in ocr_lines\n    text = run_ocr(image)\n           ^^^^^^^^^^^^^^\n  File \"D:\\Programming\\auto-gaming\\app\\services\\ocr\\tesseract_adapter.py\", line 29, in run_ocr\n    text: str = cast(Any, pytesseract).image_to_string(image, lang=language, config=config)\n                ^^^^^^^^^^^^^^^^^^^^^^^^^^^^^^^^^^^^^^^^^^^^^^^^^^^^^^^^^^^^^^^^^^^^^^^^^^^\n  File \"D:\\Programming\\auto-gaming\\.venv\\Lib\\site-packages\\pytesseract\\pytesseract.py\", line 486, in image_to_string\n    return {\n           ^\n  File \"D:\\Programming\\auto-gaming\\.venv\\Lib\\site-packages\\pytesseract\\pytesseract.py\", line 489, in <lambda>\n    Output.STRING: lambda: run_and_get_output(*args),\n                           ^^^^^^^^^^^^^^^^^^^^^^^^^\n  File \"D:\\Programming\\auto-gaming\\.venv\\Lib\\site-packages\\pytesseract\\pytesseract.py\", line 352, in run_and_get_output\n    run_tesseract(**kwargs)\n  File \"D:\\Programming\\auto-gaming\\.venv\\Lib\\site-packages\\pytesseract\\pytesseract.py\", line 280, in run_tesseract\n    raise TesseractNotFoundError()\npytesseract.pytesseract.TesseractNotFoundError: tesseract is not installed or it's not in your PATH. See README file for more information."}
{"ts": "2025-08-10T21:33:01+0800", "level": "ERROR", "logger": "runner", "msg": "runner_loop_error", "exc_info": "Traceback (most recent call last):\n  File \"D:\\Programming\\auto-gaming\\.venv\\Lib\\site-packages\\pytesseract\\pytesseract.py\", line 275, in run_tesseract\n    proc = subprocess.Popen(cmd_args, **subprocess_args())\n           ^^^^^^^^^^^^^^^^^^^^^^^^^^^^^^^^^^^^^^^^^^^^^^^\n  File \"C:\\Users\\caspa\\AppData\\Local\\Programs\\Python\\Python311\\Lib\\subprocess.py\", line 1026, in __init__\n    self._execute_child(args, executable, preexec_fn, close_fds,\n  File \"C:\\Users\\caspa\\AppData\\Local\\Programs\\Python\\Python311\\Lib\\subprocess.py\", line 1538, in _execute_child\n    hp, ht, pid, tid = _winapi.CreateProcess(executable, args,\n                       ^^^^^^^^^^^^^^^^^^^^^^^^^^^^^^^^^^^^^^^\nFileNotFoundError: [WinError 2] The system cannot find the file specified\n\nDuring handling of the above exception, another exception occurred:\n\nTraceback (most recent call last):\n  File \"D:\\Programming\\auto-gaming\\app\\agents\\runner.py\", line 100, in _run_loop\n    state = encode_state(image)\n            ^^^^^^^^^^^^^^^^^^^\n  File \"D:\\Programming\\auto-gaming\\app\\state\\encoder.py\", line 22, in encode_state\n    parsed = ocr_lines(image)\n             ^^^^^^^^^^^^^^^^\n  File \"D:\\Programming\\auto-gaming\\app\\perception\\parser.py\", line 19, in ocr_lines\n    text = run_ocr(image)\n           ^^^^^^^^^^^^^^\n  File \"D:\\Programming\\auto-gaming\\app\\services\\ocr\\tesseract_adapter.py\", line 29, in run_ocr\n    text: str = cast(Any, pytesseract).image_to_string(image, lang=language, config=config)\n                ^^^^^^^^^^^^^^^^^^^^^^^^^^^^^^^^^^^^^^^^^^^^^^^^^^^^^^^^^^^^^^^^^^^^^^^^^^^\n  File \"D:\\Programming\\auto-gaming\\.venv\\Lib\\site-packages\\pytesseract\\pytesseract.py\", line 486, in image_to_string\n    return {\n           ^\n  File \"D:\\Programming\\auto-gaming\\.venv\\Lib\\site-packages\\pytesseract\\pytesseract.py\", line 489, in <lambda>\n    Output.STRING: lambda: run_and_get_output(*args),\n                           ^^^^^^^^^^^^^^^^^^^^^^^^^\n  File \"D:\\Programming\\auto-gaming\\.venv\\Lib\\site-packages\\pytesseract\\pytesseract.py\", line 352, in run_and_get_output\n    run_tesseract(**kwargs)\n  File \"D:\\Programming\\auto-gaming\\.venv\\Lib\\site-packages\\pytesseract\\pytesseract.py\", line 280, in run_tesseract\n    raise TesseractNotFoundError()\npytesseract.pytesseract.TesseractNotFoundError: tesseract is not installed or it's not in your PATH. See README file for more information."}
{"ts": "2025-08-10T21:33:07+0800", "level": "ERROR", "logger": "runner", "msg": "runner_loop_error", "exc_info": "Traceback (most recent call last):\n  File \"D:\\Programming\\auto-gaming\\.venv\\Lib\\site-packages\\pytesseract\\pytesseract.py\", line 275, in run_tesseract\n    proc = subprocess.Popen(cmd_args, **subprocess_args())\n           ^^^^^^^^^^^^^^^^^^^^^^^^^^^^^^^^^^^^^^^^^^^^^^^\n  File \"C:\\Users\\caspa\\AppData\\Local\\Programs\\Python\\Python311\\Lib\\subprocess.py\", line 1026, in __init__\n    self._execute_child(args, executable, preexec_fn, close_fds,\n  File \"C:\\Users\\caspa\\AppData\\Local\\Programs\\Python\\Python311\\Lib\\subprocess.py\", line 1538, in _execute_child\n    hp, ht, pid, tid = _winapi.CreateProcess(executable, args,\n                       ^^^^^^^^^^^^^^^^^^^^^^^^^^^^^^^^^^^^^^^\nFileNotFoundError: [WinError 2] The system cannot find the file specified\n\nDuring handling of the above exception, another exception occurred:\n\nTraceback (most recent call last):\n  File \"D:\\Programming\\auto-gaming\\app\\agents\\runner.py\", line 100, in _run_loop\n    state = encode_state(image)\n            ^^^^^^^^^^^^^^^^^^^\n  File \"D:\\Programming\\auto-gaming\\app\\state\\encoder.py\", line 22, in encode_state\n    parsed = ocr_lines(image)\n             ^^^^^^^^^^^^^^^^\n  File \"D:\\Programming\\auto-gaming\\app\\perception\\parser.py\", line 19, in ocr_lines\n    text = run_ocr(image)\n           ^^^^^^^^^^^^^^\n  File \"D:\\Programming\\auto-gaming\\app\\services\\ocr\\tesseract_adapter.py\", line 29, in run_ocr\n    text: str = cast(Any, pytesseract).image_to_string(image, lang=language, config=config)\n                ^^^^^^^^^^^^^^^^^^^^^^^^^^^^^^^^^^^^^^^^^^^^^^^^^^^^^^^^^^^^^^^^^^^^^^^^^^^\n  File \"D:\\Programming\\auto-gaming\\.venv\\Lib\\site-packages\\pytesseract\\pytesseract.py\", line 486, in image_to_string\n    return {\n           ^\n  File \"D:\\Programming\\auto-gaming\\.venv\\Lib\\site-packages\\pytesseract\\pytesseract.py\", line 489, in <lambda>\n    Output.STRING: lambda: run_and_get_output(*args),\n                           ^^^^^^^^^^^^^^^^^^^^^^^^^\n  File \"D:\\Programming\\auto-gaming\\.venv\\Lib\\site-packages\\pytesseract\\pytesseract.py\", line 352, in run_and_get_output\n    run_tesseract(**kwargs)\n  File \"D:\\Programming\\auto-gaming\\.venv\\Lib\\site-packages\\pytesseract\\pytesseract.py\", line 280, in run_tesseract\n    raise TesseractNotFoundError()\npytesseract.pytesseract.TesseractNotFoundError: tesseract is not installed or it's not in your PATH. See README file for more information."}
{"ts": "2025-08-10T21:33:14+0800", "level": "ERROR", "logger": "runner", "msg": "runner_loop_error", "exc_info": "Traceback (most recent call last):\n  File \"D:\\Programming\\auto-gaming\\.venv\\Lib\\site-packages\\pytesseract\\pytesseract.py\", line 275, in run_tesseract\n    proc = subprocess.Popen(cmd_args, **subprocess_args())\n           ^^^^^^^^^^^^^^^^^^^^^^^^^^^^^^^^^^^^^^^^^^^^^^^\n  File \"C:\\Users\\caspa\\AppData\\Local\\Programs\\Python\\Python311\\Lib\\subprocess.py\", line 1026, in __init__\n    self._execute_child(args, executable, preexec_fn, close_fds,\n  File \"C:\\Users\\caspa\\AppData\\Local\\Programs\\Python\\Python311\\Lib\\subprocess.py\", line 1538, in _execute_child\n    hp, ht, pid, tid = _winapi.CreateProcess(executable, args,\n                       ^^^^^^^^^^^^^^^^^^^^^^^^^^^^^^^^^^^^^^^\nFileNotFoundError: [WinError 2] The system cannot find the file specified\n\nDuring handling of the above exception, another exception occurred:\n\nTraceback (most recent call last):\n  File \"D:\\Programming\\auto-gaming\\app\\agents\\runner.py\", line 100, in _run_loop\n    state = encode_state(image)\n            ^^^^^^^^^^^^^^^^^^^\n  File \"D:\\Programming\\auto-gaming\\app\\state\\encoder.py\", line 22, in encode_state\n    parsed = ocr_lines(image)\n             ^^^^^^^^^^^^^^^^\n  File \"D:\\Programming\\auto-gaming\\app\\perception\\parser.py\", line 19, in ocr_lines\n    text = run_ocr(image)\n           ^^^^^^^^^^^^^^\n  File \"D:\\Programming\\auto-gaming\\app\\services\\ocr\\tesseract_adapter.py\", line 29, in run_ocr\n    text: str = cast(Any, pytesseract).image_to_string(image, lang=language, config=config)\n                ^^^^^^^^^^^^^^^^^^^^^^^^^^^^^^^^^^^^^^^^^^^^^^^^^^^^^^^^^^^^^^^^^^^^^^^^^^^\n  File \"D:\\Programming\\auto-gaming\\.venv\\Lib\\site-packages\\pytesseract\\pytesseract.py\", line 486, in image_to_string\n    return {\n           ^\n  File \"D:\\Programming\\auto-gaming\\.venv\\Lib\\site-packages\\pytesseract\\pytesseract.py\", line 489, in <lambda>\n    Output.STRING: lambda: run_and_get_output(*args),\n                           ^^^^^^^^^^^^^^^^^^^^^^^^^\n  File \"D:\\Programming\\auto-gaming\\.venv\\Lib\\site-packages\\pytesseract\\pytesseract.py\", line 352, in run_and_get_output\n    run_tesseract(**kwargs)\n  File \"D:\\Programming\\auto-gaming\\.venv\\Lib\\site-packages\\pytesseract\\pytesseract.py\", line 280, in run_tesseract\n    raise TesseractNotFoundError()\npytesseract.pytesseract.TesseractNotFoundError: tesseract is not installed or it's not in your PATH. See README file for more information."}
{"ts": "2025-08-10T21:34:05+0800", "level": "ERROR", "logger": "runner", "msg": "runner_loop_error", "exc_info": "Traceback (most recent call last):\n  File \"D:\\Programming\\auto-gaming\\.venv\\Lib\\site-packages\\pytesseract\\pytesseract.py\", line 275, in run_tesseract\n    proc = subprocess.Popen(cmd_args, **subprocess_args())\n           ^^^^^^^^^^^^^^^^^^^^^^^^^^^^^^^^^^^^^^^^^^^^^^^\n  File \"C:\\Users\\caspa\\AppData\\Local\\Programs\\Python\\Python311\\Lib\\subprocess.py\", line 1026, in __init__\n    self._execute_child(args, executable, preexec_fn, close_fds,\n  File \"C:\\Users\\caspa\\AppData\\Local\\Programs\\Python\\Python311\\Lib\\subprocess.py\", line 1538, in _execute_child\n    hp, ht, pid, tid = _winapi.CreateProcess(executable, args,\n                       ^^^^^^^^^^^^^^^^^^^^^^^^^^^^^^^^^^^^^^^\nFileNotFoundError: [WinError 2] The system cannot find the file specified\n\nDuring handling of the above exception, another exception occurred:\n\nTraceback (most recent call last):\n  File \"D:\\Programming\\auto-gaming\\app\\agents\\runner.py\", line 100, in _run_loop\n    state = encode_state(image)\n            ^^^^^^^^^^^^^^^^^^^\n  File \"D:\\Programming\\auto-gaming\\app\\state\\encoder.py\", line 22, in encode_state\n    parsed = ocr_lines(image)\n             ^^^^^^^^^^^^^^^^\n  File \"D:\\Programming\\auto-gaming\\app\\perception\\parser.py\", line 19, in ocr_lines\n    text = run_ocr(image)\n           ^^^^^^^^^^^^^^\n  File \"D:\\Programming\\auto-gaming\\app\\services\\ocr\\tesseract_adapter.py\", line 29, in run_ocr\n    text: str = cast(Any, pytesseract).image_to_string(image, lang=language, config=config)\n                ^^^^^^^^^^^^^^^^^^^^^^^^^^^^^^^^^^^^^^^^^^^^^^^^^^^^^^^^^^^^^^^^^^^^^^^^^^^\n  File \"D:\\Programming\\auto-gaming\\.venv\\Lib\\site-packages\\pytesseract\\pytesseract.py\", line 486, in image_to_string\n    return {\n           ^\n  File \"D:\\Programming\\auto-gaming\\.venv\\Lib\\site-packages\\pytesseract\\pytesseract.py\", line 489, in <lambda>\n    Output.STRING: lambda: run_and_get_output(*args),\n                           ^^^^^^^^^^^^^^^^^^^^^^^^^\n  File \"D:\\Programming\\auto-gaming\\.venv\\Lib\\site-packages\\pytesseract\\pytesseract.py\", line 352, in run_and_get_output\n    run_tesseract(**kwargs)\n  File \"D:\\Programming\\auto-gaming\\.venv\\Lib\\site-packages\\pytesseract\\pytesseract.py\", line 280, in run_tesseract\n    raise TesseractNotFoundError()\npytesseract.pytesseract.TesseractNotFoundError: tesseract is not installed or it's not in your PATH. See README file for more information."}
{"ts": "2025-08-10T21:34:08+0800", "level": "ERROR", "logger": "runner", "msg": "runner_loop_error", "exc_info": "Traceback (most recent call last):\n  File \"D:\\Programming\\auto-gaming\\.venv\\Lib\\site-packages\\pytesseract\\pytesseract.py\", line 275, in run_tesseract\n    proc = subprocess.Popen(cmd_args, **subprocess_args())\n           ^^^^^^^^^^^^^^^^^^^^^^^^^^^^^^^^^^^^^^^^^^^^^^^\n  File \"C:\\Users\\caspa\\AppData\\Local\\Programs\\Python\\Python311\\Lib\\subprocess.py\", line 1026, in __init__\n    self._execute_child(args, executable, preexec_fn, close_fds,\n  File \"C:\\Users\\caspa\\AppData\\Local\\Programs\\Python\\Python311\\Lib\\subprocess.py\", line 1538, in _execute_child\n    hp, ht, pid, tid = _winapi.CreateProcess(executable, args,\n                       ^^^^^^^^^^^^^^^^^^^^^^^^^^^^^^^^^^^^^^^\nFileNotFoundError: [WinError 2] The system cannot find the file specified\n\nDuring handling of the above exception, another exception occurred:\n\nTraceback (most recent call last):\n  File \"D:\\Programming\\auto-gaming\\app\\agents\\runner.py\", line 100, in _run_loop\n    state = encode_state(image)\n            ^^^^^^^^^^^^^^^^^^^\n  File \"D:\\Programming\\auto-gaming\\app\\state\\encoder.py\", line 22, in encode_state\n    parsed = ocr_lines(image)\n             ^^^^^^^^^^^^^^^^\n  File \"D:\\Programming\\auto-gaming\\app\\perception\\parser.py\", line 19, in ocr_lines\n    text = run_ocr(image)\n           ^^^^^^^^^^^^^^\n  File \"D:\\Programming\\auto-gaming\\app\\services\\ocr\\tesseract_adapter.py\", line 29, in run_ocr\n    text: str = cast(Any, pytesseract).image_to_string(image, lang=language, config=config)\n                ^^^^^^^^^^^^^^^^^^^^^^^^^^^^^^^^^^^^^^^^^^^^^^^^^^^^^^^^^^^^^^^^^^^^^^^^^^^\n  File \"D:\\Programming\\auto-gaming\\.venv\\Lib\\site-packages\\pytesseract\\pytesseract.py\", line 486, in image_to_string\n    return {\n           ^\n  File \"D:\\Programming\\auto-gaming\\.venv\\Lib\\site-packages\\pytesseract\\pytesseract.py\", line 489, in <lambda>\n    Output.STRING: lambda: run_and_get_output(*args),\n                           ^^^^^^^^^^^^^^^^^^^^^^^^^\n  File \"D:\\Programming\\auto-gaming\\.venv\\Lib\\site-packages\\pytesseract\\pytesseract.py\", line 352, in run_and_get_output\n    run_tesseract(**kwargs)\n  File \"D:\\Programming\\auto-gaming\\.venv\\Lib\\site-packages\\pytesseract\\pytesseract.py\", line 280, in run_tesseract\n    raise TesseractNotFoundError()\npytesseract.pytesseract.TesseractNotFoundError: tesseract is not installed or it's not in your PATH. See README file for more information."}
{"ts": "2025-08-10T21:34:13+0800", "level": "ERROR", "logger": "runner", "msg": "runner_loop_error", "exc_info": "Traceback (most recent call last):\n  File \"D:\\Programming\\auto-gaming\\.venv\\Lib\\site-packages\\pytesseract\\pytesseract.py\", line 275, in run_tesseract\n    proc = subprocess.Popen(cmd_args, **subprocess_args())\n           ^^^^^^^^^^^^^^^^^^^^^^^^^^^^^^^^^^^^^^^^^^^^^^^\n  File \"C:\\Users\\caspa\\AppData\\Local\\Programs\\Python\\Python311\\Lib\\subprocess.py\", line 1026, in __init__\n    self._execute_child(args, executable, preexec_fn, close_fds,\n  File \"C:\\Users\\caspa\\AppData\\Local\\Programs\\Python\\Python311\\Lib\\subprocess.py\", line 1538, in _execute_child\n    hp, ht, pid, tid = _winapi.CreateProcess(executable, args,\n                       ^^^^^^^^^^^^^^^^^^^^^^^^^^^^^^^^^^^^^^^\nFileNotFoundError: [WinError 2] The system cannot find the file specified\n\nDuring handling of the above exception, another exception occurred:\n\nTraceback (most recent call last):\n  File \"D:\\Programming\\auto-gaming\\app\\agents\\runner.py\", line 100, in _run_loop\n    state = encode_state(image)\n            ^^^^^^^^^^^^^^^^^^^\n  File \"D:\\Programming\\auto-gaming\\app\\state\\encoder.py\", line 22, in encode_state\n    parsed = ocr_lines(image)\n             ^^^^^^^^^^^^^^^^\n  File \"D:\\Programming\\auto-gaming\\app\\perception\\parser.py\", line 19, in ocr_lines\n    text = run_ocr(image)\n           ^^^^^^^^^^^^^^\n  File \"D:\\Programming\\auto-gaming\\app\\services\\ocr\\tesseract_adapter.py\", line 29, in run_ocr\n    text: str = cast(Any, pytesseract).image_to_string(image, lang=language, config=config)\n                ^^^^^^^^^^^^^^^^^^^^^^^^^^^^^^^^^^^^^^^^^^^^^^^^^^^^^^^^^^^^^^^^^^^^^^^^^^^\n  File \"D:\\Programming\\auto-gaming\\.venv\\Lib\\site-packages\\pytesseract\\pytesseract.py\", line 486, in image_to_string\n    return {\n           ^\n  File \"D:\\Programming\\auto-gaming\\.venv\\Lib\\site-packages\\pytesseract\\pytesseract.py\", line 489, in <lambda>\n    Output.STRING: lambda: run_and_get_output(*args),\n                           ^^^^^^^^^^^^^^^^^^^^^^^^^\n  File \"D:\\Programming\\auto-gaming\\.venv\\Lib\\site-packages\\pytesseract\\pytesseract.py\", line 352, in run_and_get_output\n    run_tesseract(**kwargs)\n  File \"D:\\Programming\\auto-gaming\\.venv\\Lib\\site-packages\\pytesseract\\pytesseract.py\", line 280, in run_tesseract\n    raise TesseractNotFoundError()\npytesseract.pytesseract.TesseractNotFoundError: tesseract is not installed or it's not in your PATH. See README file for more information."}
{"ts": "2025-08-11T12:45:15+0800", "level": "INFO", "logger": "httpx", "msg": "HTTP Request: GET https://www.google.com/search?q=Epic7%20%3C%20Battle%20(Q)%2060/60%20@20,000%20#0%20=%20a%20Qa \"HTTP/1.1 200 OK\""}
{"ts": "2025-08-11T12:45:16+0800", "level": "INFO", "logger": "httpx", "msg": "HTTP Request: GET https://www.google.com/search?q=Epic7%20Regular%20Seasonal%204 \"HTTP/1.1 200 OK\""}
{"ts": "2025-08-11T12:45:19+0800", "level": "INFO", "logger": "httpx", "msg": "HTTP Request: GET https://www.google.com/search?q=Epic7%20%3C%20Battle%20(Q)%2060/60%20@20,000%20#0%20=%20a%20Qa \"HTTP/1.1 200 OK\""}
{"ts": "2025-08-11T12:45:20+0800", "level": "INFO", "logger": "httpx", "msg": "HTTP Request: GET https://www.google.com/search?q=Epic7%20Regular%20Seasonal%204 \"HTTP/1.1 200 OK\""}
{"ts": "2025-08-11T12:45:23+0800", "level": "INFO", "logger": "httpx", "msg": "HTTP Request: GET https://www.google.com/search?q=Epic7%20%3C%20Battle%20(Q)%2060/60%20@20,000%20#0%20=%20a%20Qa \"HTTP/1.1 200 OK\""}
{"ts": "2025-08-11T12:45:24+0800", "level": "INFO", "logger": "httpx", "msg": "HTTP Request: GET https://www.google.com/search?q=Epic7%20Regular%20Seasonal%204 \"HTTP/1.1 200 OK\""}
{"ts": "2025-08-11T12:45:26+0800", "level": "INFO", "logger": "httpx", "msg": "HTTP Request: GET https://www.google.com/search?q=Epic7%20%3C%20Battle%20(Q)%2060/60%20@20,000%20#0%20=%20a%20Qa \"HTTP/1.1 200 OK\""}
{"ts": "2025-08-11T12:45:27+0800", "level": "INFO", "logger": "httpx", "msg": "HTTP Request: GET https://www.google.com/search?q=Epic7%20Regular%20Seasonal%204 \"HTTP/1.1 200 OK\""}
{"ts": "2025-08-11T12:45:30+0800", "level": "INFO", "logger": "httpx", "msg": "HTTP Request: GET https://www.google.com/search?q=Epic7%20%3C%20Battle%20(Q)%2060/60%20@20,000%20#0%20=%20a%20Qa \"HTTP/1.1 200 OK\""}
{"ts": "2025-08-11T12:45:31+0800", "level": "INFO", "logger": "httpx", "msg": "HTTP Request: GET https://www.google.com/search?q=Epic7%20Regular%20Seasonal%204 \"HTTP/1.1 200 OK\""}
{"ts": "2025-08-11T12:45:34+0800", "level": "INFO", "logger": "httpx", "msg": "HTTP Request: GET https://www.google.com/search?q=Epic7%20%3C%20Battle%20(Q)%2060/60%20@20,000%20#0%20=%20a%20Qa \"HTTP/1.1 200 OK\""}
{"ts": "2025-08-11T12:45:35+0800", "level": "INFO", "logger": "httpx", "msg": "HTTP Request: GET https://www.google.com/search?q=Epic7%20Regular%20Seasonal%204 \"HTTP/1.1 200 OK\""}
{"ts": "2025-08-11T12:45:37+0800", "level": "INFO", "logger": "httpx", "msg": "HTTP Request: GET https://www.google.com/search?q=Epic7%20%3C%20Battle%20(Q)%2060/60%20@20,000%20#0%20=%20a%20Qa \"HTTP/1.1 200 OK\""}
{"ts": "2025-08-11T12:45:39+0800", "level": "INFO", "logger": "httpx", "msg": "HTTP Request: GET https://www.google.com/search?q=Epic7%20Regular%20Seasonal%204 \"HTTP/1.1 200 OK\""}
{"ts": "2025-08-11T12:45:41+0800", "level": "INFO", "logger": "httpx", "msg": "HTTP Request: GET https://www.google.com/search?q=Epic7%20%3C%20Battle%20(Q)%2060/60%20@20,000%20#0%20=%20a%20Qa \"HTTP/1.1 200 OK\""}
{"ts": "2025-08-11T12:45:42+0800", "level": "INFO", "logger": "httpx", "msg": "HTTP Request: GET https://www.google.com/search?q=Epic7%20Regular%20Seasonal%204 \"HTTP/1.1 200 OK\""}
{"ts": "2025-08-11T12:46:03+0800", "level": "INFO", "logger": "httpx", "msg": "HTTP Request: GET https://www.google.com/search?q=Epic7%20%3C%20Battle%20(Q)%2060/60%20@20,000%20#0%20=%20a%20Qa \"HTTP/1.1 200 OK\""}
{"ts": "2025-08-11T12:46:05+0800", "level": "INFO", "logger": "httpx", "msg": "HTTP Request: GET https://www.google.com/search?q=Epic7%20Regular%20Seasonal%204 \"HTTP/1.1 200 OK\""}
{"ts": "2025-08-11T12:46:08+0800", "level": "INFO", "logger": "httpx", "msg": "HTTP Request: GET https://www.google.com/search?q=Epic7%20%3C%20Battle%20(Q)%2060/60%20@20,000%20#0%20=%20a%20Qa \"HTTP/1.1 200 OK\""}
{"ts": "2025-08-11T12:46:09+0800", "level": "INFO", "logger": "httpx", "msg": "HTTP Request: GET https://www.google.com/search?q=Epic7%20Regular%20Seasonal%204 \"HTTP/1.1 200 OK\""}
{"ts": "2025-08-11T12:46:11+0800", "level": "INFO", "logger": "httpx", "msg": "HTTP Request: GET https://www.google.com/search?q=Epic7%20%3C%20Battle%20(Q)%2060/60%20@20,000%20#0%20=%20a%20Qa \"HTTP/1.1 200 OK\""}
{"ts": "2025-08-11T12:46:12+0800", "level": "INFO", "logger": "httpx", "msg": "HTTP Request: GET https://www.google.com/search?q=Epic7%20Regular%20Seasonal%204 \"HTTP/1.1 200 OK\""}
{"ts": "2025-08-11T12:46:15+0800", "level": "INFO", "logger": "httpx", "msg": "HTTP Request: GET https://www.google.com/search?q=Epic7%20%3C%20Battle%20(Q)%2060/60%20@20,000%20#0%20=%20a%20Qa \"HTTP/1.1 200 OK\""}
{"ts": "2025-08-11T12:46:16+0800", "level": "INFO", "logger": "httpx", "msg": "HTTP Request: GET https://www.google.com/search?q=Epic7%20Regular%20Seasonal%204 \"HTTP/1.1 200 OK\""}
{"ts": "2025-08-11T12:46:39+0800", "level": "INFO", "logger": "httpx", "msg": "HTTP Request: GET https://www.google.com/search?q=Epic7%20%3C%20Battle%20(Q)%2060/60%20@20,000%20#0%20=%20a%20Qa \"HTTP/1.1 200 OK\""}
{"ts": "2025-08-11T12:46:40+0800", "level": "INFO", "logger": "httpx", "msg": "HTTP Request: GET https://www.google.com/search?q=Epic7%20Regular%20Seasonal%204 \"HTTP/1.1 200 OK\""}
{"ts": "2025-08-11T12:46:42+0800", "level": "INFO", "logger": "httpx", "msg": "HTTP Request: GET https://www.google.com/search?q=Epic7%20%3C%20Battle%20(Q)%2060/60%20@20,000%20#0%20=%20a%20Qa \"HTTP/1.1 200 OK\""}
{"ts": "2025-08-11T12:46:43+0800", "level": "INFO", "logger": "httpx", "msg": "HTTP Request: GET https://www.google.com/search?q=Epic7%20Regular%20Seasonal%204 \"HTTP/1.1 200 OK\""}
{"ts": "2025-08-11T12:46:52+0800", "level": "INFO", "logger": "httpx", "msg": "HTTP Request: GET https://www.google.com/search?q=Epic7%20%3C%20Battle%20(Q)%2060/60%20@20,000%20#0%20=%20a%20Qa \"HTTP/1.1 200 OK\""}
{"ts": "2025-08-11T12:46:54+0800", "level": "INFO", "logger": "httpx", "msg": "HTTP Request: GET https://www.google.com/search?q=Epic7%20Regular%20Seasonal%204 \"HTTP/1.1 200 OK\""}
{"ts": "2025-08-11T12:46:56+0800", "level": "INFO", "logger": "httpx", "msg": "HTTP Request: GET https://www.google.com/search?q=Epic7%20%3C%20Battle%20(Q)%2060/60%20@20,000%20#0%20=%20a%20Qa \"HTTP/1.1 200 OK\""}
{"ts": "2025-08-11T12:46:57+0800", "level": "INFO", "logger": "httpx", "msg": "HTTP Request: GET https://www.google.com/search?q=Epic7%20Regular%20Seasonal%204 \"HTTP/1.1 200 OK\""}
{"ts": "2025-08-11T12:47:00+0800", "level": "INFO", "logger": "httpx", "msg": "HTTP Request: GET https://www.google.com/search?q=Epic7%20%3C%20Battle%20(Q)%2060/60%20@20,000%20#0%20=%20a%20Qa \"HTTP/1.1 200 OK\""}
{"ts": "2025-08-11T12:47:01+0800", "level": "INFO", "logger": "httpx", "msg": "HTTP Request: GET https://www.google.com/search?q=Epic7%20Regular%20Seasonal%204 \"HTTP/1.1 200 OK\""}
{"ts": "2025-08-11T12:47:03+0800", "level": "ERROR", "logger": "runner", "msg": "runner_loop_error", "exc_info": "Traceback (most recent call last):\n  File \"D:\\Programming\\auto-gaming\\app\\services\\capture\\__init__.py\", line 28, in capture_frame\n    return _capture_via_adb(serial)\n           ^^^^^^^^^^^^^^^^^^^^^^^^\n  File \"D:\\Programming\\auto-gaming\\app\\services\\capture\\__init__.py\", line 37, in _capture_via_adb\n    return adb_capture_frame(serial)\n           ^^^^^^^^^^^^^^^^^^^^^^^^^\n  File \"D:\\Programming\\auto-gaming\\app\\services\\capture\\adb_capture.py\", line 36, in capture_frame\n    device = get_connected_device(serial)\n             ^^^^^^^^^^^^^^^^^^^^^^^^^^^^\n  File \"D:\\Programming\\auto-gaming\\app\\services\\capture\\adb_capture.py\", line 25, in get_connected_device\n    out = adb_exec([\"devices\"]).decode(\"utf-8\", errors=\"ignore\")\n          ^^^^^^^^^^^^^^^^^^^^^\n  File \"D:\\Programming\\auto-gaming\\app\\services\\capture\\adb_capture.py\", line 16, in adb_exec\n    proc = subprocess.run(cmd, capture_output=True, timeout=timeout, check=True)\n           ^^^^^^^^^^^^^^^^^^^^^^^^^^^^^^^^^^^^^^^^^^^^^^^^^^^^^^^^^^^^^^^^^^^^^\n  File \"C:\\Users\\caspa\\AppData\\Local\\Programs\\Python\\Python311\\Lib\\subprocess.py\", line 548, in run\n    with Popen(*popenargs, **kwargs) as process:\n         ^^^^^^^^^^^^^^^^^^^^^^^^^^^\n  File \"C:\\Users\\caspa\\AppData\\Local\\Programs\\Python\\Python311\\Lib\\subprocess.py\", line 1026, in __init__\n    self._execute_child(args, executable, preexec_fn, close_fds,\n  File \"C:\\Users\\caspa\\AppData\\Local\\Programs\\Python\\Python311\\Lib\\subprocess.py\", line 1538, in _execute_child\n    hp, ht, pid, tid = _winapi.CreateProcess(executable, args,\n                       ^^^^^^^^^^^^^^^^^^^^^^^^^^^^^^^^^^^^^^^\nFileNotFoundError: [WinError 2] The system cannot find the file specified\n\nDuring handling of the above exception, another exception occurred:\n\nTraceback (most recent call last):\n  File \"D:\\Programming\\auto-gaming\\app\\agents\\runner.py\", line 159, in _run_loop\n    image = capture_frame()\n            ^^^^^^^^^^^^^^^\n  File \"D:\\Programming\\auto-gaming\\app\\services\\capture\\__init__.py\", line 30, in capture_frame\n    return _capture_via_window()\n           ^^^^^^^^^^^^^^^^^^^^^\n  File \"D:\\Programming\\auto-gaming\\app\\services\\capture\\__init__.py\", line 58, in _capture_via_window\n    return capture_window(title_hint)\n           ^^^^^^^^^^^^^^^^^^^^^^^^^^\n  File \"D:\\Programming\\auto-gaming\\app\\services\\capture\\window_capture.py\", line 115, in capture_window\n    rect = find_window_rect(title_hint)\n           ^^^^^^^^^^^^^^^^^^^^^^^^^^^^\n  File \"D:\\Programming\\auto-gaming\\app\\services\\capture\\window_capture.py\", line 107, in find_window_rect\n    raise WindowCaptureError(\napp.services.capture.window_capture.WindowCaptureError: Emulator window not found. Ensure the emulator is running and visible (not minimized). WINDOW_TITLE_HINT=Epic\\s*Seven|Seven|FRI3ZD."}
{"ts": "2025-08-11T12:47:38+0800", "level": "INFO", "logger": "httpx", "msg": "HTTP Request: GET https://www.google.com/search?q=Epic7%201 \"HTTP/1.1 200 OK\""}
{"ts": "2025-08-11T12:47:39+0800", "level": "INFO", "logger": "httpx", "msg": "HTTP Request: GET https://www.google.com/search?q=Epic7%20@aw2z@Q \"HTTP/1.1 200 OK\""}
{"ts": "2025-08-11T12:47:42+0800", "level": "INFO", "logger": "httpx", "msg": "HTTP Request: GET https://www.google.com/search?q=Epic7%201 \"HTTP/1.1 200 OK\""}
{"ts": "2025-08-11T12:47:43+0800", "level": "INFO", "logger": "httpx", "msg": "HTTP Request: GET https://www.google.com/search?q=Epic7%20@aw2z@Q \"HTTP/1.1 200 OK\""}
{"ts": "2025-08-11T12:47:45+0800", "level": "INFO", "logger": "httpx", "msg": "HTTP Request: GET https://www.google.com/search?q=Epic7%201 \"HTTP/1.1 200 OK\""}
{"ts": "2025-08-11T12:47:47+0800", "level": "INFO", "logger": "httpx", "msg": "HTTP Request: GET https://www.google.com/search?q=Epic7%20@aw2z@Q \"HTTP/1.1 200 OK\""}
{"ts": "2025-08-11T12:47:49+0800", "level": "INFO", "logger": "httpx", "msg": "HTTP Request: GET https://www.google.com/search?q=Epic7%201 \"HTTP/1.1 200 OK\""}
{"ts": "2025-08-11T12:47:50+0800", "level": "INFO", "logger": "httpx", "msg": "HTTP Request: GET https://www.google.com/search?q=Epic7%20@aw2z@Q \"HTTP/1.1 200 OK\""}
{"ts": "2025-08-11T12:47:53+0800", "level": "INFO", "logger": "httpx", "msg": "HTTP Request: GET https://www.google.com/search?q=Epic7%201 \"HTTP/1.1 200 OK\""}
{"ts": "2025-08-11T12:47:54+0800", "level": "INFO", "logger": "httpx", "msg": "HTTP Request: GET https://www.google.com/search?q=Epic7%20@aw2z@Q \"HTTP/1.1 200 OK\""}
{"ts": "2025-08-11T12:47:56+0800", "level": "INFO", "logger": "httpx", "msg": "HTTP Request: GET https://www.google.com/search?q=Epic7%201 \"HTTP/1.1 200 OK\""}
{"ts": "2025-08-11T12:47:58+0800", "level": "INFO", "logger": "httpx", "msg": "HTTP Request: GET https://www.google.com/search?q=Epic7%20@aw2z@Q \"HTTP/1.1 200 OK\""}
{"ts": "2025-08-11T12:48:00+0800", "level": "INFO", "logger": "httpx", "msg": "HTTP Request: GET https://www.google.com/search?q=Epic7%201 \"HTTP/1.1 200 OK\""}
{"ts": "2025-08-11T12:48:01+0800", "level": "INFO", "logger": "httpx", "msg": "HTTP Request: GET https://www.google.com/search?q=Epic7%20@aw2z@Q \"HTTP/1.1 200 OK\""}
{"ts": "2025-08-11T12:48:04+0800", "level": "INFO", "logger": "httpx", "msg": "HTTP Request: GET https://www.google.com/search?q=Epic7%201 \"HTTP/1.1 200 OK\""}
{"ts": "2025-08-11T12:48:05+0800", "level": "INFO", "logger": "httpx", "msg": "HTTP Request: GET https://www.google.com/search?q=Epic7%20@aw2z@Q \"HTTP/1.1 200 OK\""}
{"ts": "2025-08-11T12:48:08+0800", "level": "INFO", "logger": "httpx", "msg": "HTTP Request: GET https://www.google.com/search?q=Epic7%201 \"HTTP/1.1 200 OK\""}
{"ts": "2025-08-11T12:48:09+0800", "level": "INFO", "logger": "httpx", "msg": "HTTP Request: GET https://www.google.com/search?q=Epic7%20@aw2z@Q \"HTTP/1.1 200 OK\""}
{"ts": "2025-08-11T12:48:11+0800", "level": "INFO", "logger": "httpx", "msg": "HTTP Request: GET https://www.google.com/search?q=Epic7%201 \"HTTP/1.1 200 OK\""}
{"ts": "2025-08-11T12:48:13+0800", "level": "INFO", "logger": "httpx", "msg": "HTTP Request: GET https://www.google.com/search?q=Epic7%20@aw2z@Q \"HTTP/1.1 200 OK\""}
{"ts": "2025-08-11T12:48:23+0800", "level": "INFO", "logger": "httpx", "msg": "HTTP Request: GET https://www.google.com/search?q=Epic7%201 \"HTTP/1.1 200 OK\""}
{"ts": "2025-08-11T12:48:24+0800", "level": "INFO", "logger": "httpx", "msg": "HTTP Request: GET https://www.google.com/search?q=Epic7%20@aw2z@Q \"HTTP/1.1 200 OK\""}
{"ts": "2025-08-11T12:48:27+0800", "level": "INFO", "logger": "httpx", "msg": "HTTP Request: GET https://www.google.com/search?q=Epic7%201 \"HTTP/1.1 200 OK\""}
{"ts": "2025-08-11T12:48:28+0800", "level": "INFO", "logger": "httpx", "msg": "HTTP Request: GET https://www.google.com/search?q=Epic7%20@aw2z@Q \"HTTP/1.1 200 OK\""}
{"ts": "2025-08-11T12:48:31+0800", "level": "INFO", "logger": "httpx", "msg": "HTTP Request: GET https://www.google.com/search?q=Epic7%201 \"HTTP/1.1 200 OK\""}
{"ts": "2025-08-11T12:48:32+0800", "level": "INFO", "logger": "httpx", "msg": "HTTP Request: GET https://www.google.com/search?q=Epic7%20@aw2z@Q \"HTTP/1.1 200 OK\""}
{"ts": "2025-08-11T12:48:34+0800", "level": "INFO", "logger": "httpx", "msg": "HTTP Request: GET https://www.google.com/search?q=Epic7%201 \"HTTP/1.1 200 OK\""}
{"ts": "2025-08-11T12:48:35+0800", "level": "INFO", "logger": "httpx", "msg": "HTTP Request: GET https://www.google.com/search?q=Epic7%20@aw2z@Q \"HTTP/1.1 200 OK\""}
{"ts": "2025-08-11T12:48:38+0800", "level": "INFO", "logger": "httpx", "msg": "HTTP Request: GET https://www.google.com/search?q=Epic7%201 \"HTTP/1.1 200 OK\""}
{"ts": "2025-08-11T12:48:39+0800", "level": "INFO", "logger": "httpx", "msg": "HTTP Request: GET https://www.google.com/search?q=Epic7%20@aw2z@Q \"HTTP/1.1 200 OK\""}
{"ts": "2025-08-11T12:48:42+0800", "level": "INFO", "logger": "httpx", "msg": "HTTP Request: GET https://www.google.com/search?q=Epic7%201 \"HTTP/1.1 200 OK\""}
{"ts": "2025-08-11T12:48:43+0800", "level": "INFO", "logger": "httpx", "msg": "HTTP Request: GET https://www.google.com/search?q=Epic7%20@aw2z@Q \"HTTP/1.1 200 OK\""}
{"ts": "2025-08-11T12:48:45+0800", "level": "INFO", "logger": "httpx", "msg": "HTTP Request: GET https://www.google.com/search?q=Epic7%201 \"HTTP/1.1 200 OK\""}
{"ts": "2025-08-11T12:48:47+0800", "level": "INFO", "logger": "httpx", "msg": "HTTP Request: GET https://www.google.com/search?q=Epic7%20@aw2z@Q \"HTTP/1.1 200 OK\""}
{"ts": "2025-08-11T12:48:49+0800", "level": "INFO", "logger": "httpx", "msg": "HTTP Request: GET https://www.google.com/search?q=Epic7%201 \"HTTP/1.1 200 OK\""}
{"ts": "2025-08-11T12:48:50+0800", "level": "INFO", "logger": "httpx", "msg": "HTTP Request: GET https://www.google.com/search?q=Epic7%20@aw2z@Q \"HTTP/1.1 200 OK\""}
{"ts": "2025-08-11T12:48:53+0800", "level": "INFO", "logger": "httpx", "msg": "HTTP Request: GET https://www.google.com/search?q=Epic7%201 \"HTTP/1.1 200 OK\""}
{"ts": "2025-08-11T12:48:54+0800", "level": "INFO", "logger": "httpx", "msg": "HTTP Request: GET https://www.google.com/search?q=Epic7%20@aw2z@Q \"HTTP/1.1 200 OK\""}
{"ts": "2025-08-11T12:48:57+0800", "level": "INFO", "logger": "httpx", "msg": "HTTP Request: GET https://www.google.com/search?q=Epic7%201 \"HTTP/1.1 200 OK\""}
{"ts": "2025-08-11T12:48:58+0800", "level": "INFO", "logger": "httpx", "msg": "HTTP Request: GET https://www.google.com/search?q=Epic7%20@aw2z@Q \"HTTP/1.1 200 OK\""}
{"ts": "2025-08-11T12:49:00+0800", "level": "INFO", "logger": "httpx", "msg": "HTTP Request: GET https://www.google.com/search?q=Epic7%201 \"HTTP/1.1 200 OK\""}
{"ts": "2025-08-11T12:49:02+0800", "level": "INFO", "logger": "httpx", "msg": "HTTP Request: GET https://www.google.com/search?q=Epic7%20@aw2z@Q \"HTTP/1.1 200 OK\""}
{"ts": "2025-08-11T12:49:04+0800", "level": "INFO", "logger": "httpx", "msg": "HTTP Request: GET https://www.google.com/search?q=Epic7%201 \"HTTP/1.1 200 OK\""}
{"ts": "2025-08-11T12:49:05+0800", "level": "INFO", "logger": "httpx", "msg": "HTTP Request: GET https://www.google.com/search?q=Epic7%20@aw2z@Q \"HTTP/1.1 200 OK\""}
{"ts": "2025-08-11T14:04:58+0800", "level": "INFO", "logger": "httpx", "msg": "HTTP Request: GET https://www.google.com/search?q=Epic7%20oo%200%20$0%20B20000%20wo%20WD%20a%20Se%20@%20BB \"HTTP/1.1 200 OK\""}
{"ts": "2025-08-11T14:04:59+0800", "level": "INFO", "logger": "httpx", "msg": "HTTP Request: GET https://www.google.com/search?q=Epic7%20-%20%C2%AE%20Event%20Pack \"HTTP/1.1 200 OK\""}
{"ts": "2025-08-11T16:29:21+0800", "level": "ERROR", "logger": "runner", "msg": "runner_loop_error", "exc_info": "Traceback (most recent call last):\n  File \"D:\\Programming\\auto-gaming\\app\\agents\\runner.py\", line 332, in _run_loop\n    score, action, who = await orchestrate(state)\n                         ^^^^^^^^^^^^^^^^^^^^^^^^\n  File \"D:\\Programming\\auto-gaming\\app\\agents\\orchestrator.py\", line 215, in orchestrate\n    results, facts = await asyncio.gather(asyncio.gather(*tasks), mem_task)\n                     ^^^^^^^^^^^^^^^^^^^^^^^^^^^^^^^^^^^^^^^^^^^^^^^^^^^^^^\n  File \"C:\\Users\\caspa\\AppData\\Local\\Programs\\Python\\Python311\\Lib\\asyncio\\threads.py\", line 25, in to_thread\n    return await loop.run_in_executor(None, func_call)\n           ^^^^^^^^^^^^^^^^^^^^^^^^^^^^^^^^^^^^^^^^^^^\n  File \"C:\\Users\\caspa\\AppData\\Local\\Programs\\Python\\Python311\\Lib\\concurrent\\futures\\thread.py\", line 58, in run\n    result = self.fn(*self.args, **self.kwargs)\n             ^^^^^^^^^^^^^^^^^^^^^^^^^^^^^^^^^^\n  File \"D:\\Programming\\auto-gaming\\app\\memory\\store.py\", line 95, in search\n    self._ensure_index()\n  File \"D:\\Programming\\auto-gaming\\app\\memory\\store.py\", line 70, in _ensure_index\n    self._conn.execute(\nsqlite3.ProgrammingError: SQLite objects created in a thread can only be used in that same thread. The object was created in thread id 28412 and this is thread id 17312."}
{"ts": "2025-08-11T16:29:26+0800", "level": "ERROR", "logger": "runner", "msg": "runner_loop_error", "exc_info": "Traceback (most recent call last):\n  File \"D:\\Programming\\auto-gaming\\app\\agents\\runner.py\", line 332, in _run_loop\n    score, action, who = await orchestrate(state)\n                         ^^^^^^^^^^^^^^^^^^^^^^^^\n  File \"D:\\Programming\\auto-gaming\\app\\agents\\orchestrator.py\", line 215, in orchestrate\n    results, facts = await asyncio.gather(asyncio.gather(*tasks), mem_task)\n                     ^^^^^^^^^^^^^^^^^^^^^^^^^^^^^^^^^^^^^^^^^^^^^^^^^^^^^^\n  File \"C:\\Users\\caspa\\AppData\\Local\\Programs\\Python\\Python311\\Lib\\asyncio\\threads.py\", line 25, in to_thread\n    return await loop.run_in_executor(None, func_call)\n           ^^^^^^^^^^^^^^^^^^^^^^^^^^^^^^^^^^^^^^^^^^^\n  File \"C:\\Users\\caspa\\AppData\\Local\\Programs\\Python\\Python311\\Lib\\concurrent\\futures\\thread.py\", line 58, in run\n    result = self.fn(*self.args, **self.kwargs)\n             ^^^^^^^^^^^^^^^^^^^^^^^^^^^^^^^^^^\n  File \"D:\\Programming\\auto-gaming\\app\\memory\\store.py\", line 95, in search\n    self._ensure_index()\n  File \"D:\\Programming\\auto-gaming\\app\\memory\\store.py\", line 70, in _ensure_index\n    self._conn.execute(\nsqlite3.ProgrammingError: SQLite objects created in a thread can only be used in that same thread. The object was created in thread id 28412 and this is thread id 9768."}
{"ts": "2025-08-11T16:29:43+0800", "level": "ERROR", "logger": "runner", "msg": "runner_loop_error", "exc_info": "Traceback (most recent call last):\n  File \"D:\\Programming\\auto-gaming\\app\\agents\\runner.py\", line 332, in _run_loop\n    score, action, who = await orchestrate(state)\n                         ^^^^^^^^^^^^^^^^^^^^^^^^\n  File \"D:\\Programming\\auto-gaming\\app\\agents\\orchestrator.py\", line 215, in orchestrate\n    results, facts = await asyncio.gather(asyncio.gather(*tasks), mem_task)\n                     ^^^^^^^^^^^^^^^^^^^^^^^^^^^^^^^^^^^^^^^^^^^^^^^^^^^^^^\n  File \"C:\\Users\\caspa\\AppData\\Local\\Programs\\Python\\Python311\\Lib\\asyncio\\threads.py\", line 25, in to_thread\n    return await loop.run_in_executor(None, func_call)\n           ^^^^^^^^^^^^^^^^^^^^^^^^^^^^^^^^^^^^^^^^^^^\n  File \"C:\\Users\\caspa\\AppData\\Local\\Programs\\Python\\Python311\\Lib\\concurrent\\futures\\thread.py\", line 58, in run\n    result = self.fn(*self.args, **self.kwargs)\n             ^^^^^^^^^^^^^^^^^^^^^^^^^^^^^^^^^^\n  File \"D:\\Programming\\auto-gaming\\app\\memory\\store.py\", line 95, in search\n    self._ensure_index()\n  File \"D:\\Programming\\auto-gaming\\app\\memory\\store.py\", line 70, in _ensure_index\n    self._conn.execute(\nsqlite3.ProgrammingError: SQLite objects created in a thread can only be used in that same thread. The object was created in thread id 28412 and this is thread id 7260."}
{"ts": "2025-08-11T16:29:49+0800", "level": "ERROR", "logger": "runner", "msg": "runner_loop_error", "exc_info": "Traceback (most recent call last):\n  File \"D:\\Programming\\auto-gaming\\app\\agents\\runner.py\", line 332, in _run_loop\n    score, action, who = await orchestrate(state)\n                         ^^^^^^^^^^^^^^^^^^^^^^^^\n  File \"D:\\Programming\\auto-gaming\\app\\agents\\orchestrator.py\", line 215, in orchestrate\n    results, facts = await asyncio.gather(asyncio.gather(*tasks), mem_task)\n                     ^^^^^^^^^^^^^^^^^^^^^^^^^^^^^^^^^^^^^^^^^^^^^^^^^^^^^^\n  File \"C:\\Users\\caspa\\AppData\\Local\\Programs\\Python\\Python311\\Lib\\asyncio\\threads.py\", line 25, in to_thread\n    return await loop.run_in_executor(None, func_call)\n           ^^^^^^^^^^^^^^^^^^^^^^^^^^^^^^^^^^^^^^^^^^^\n  File \"C:\\Users\\caspa\\AppData\\Local\\Programs\\Python\\Python311\\Lib\\concurrent\\futures\\thread.py\", line 58, in run\n    result = self.fn(*self.args, **self.kwargs)\n             ^^^^^^^^^^^^^^^^^^^^^^^^^^^^^^^^^^\n  File \"D:\\Programming\\auto-gaming\\app\\memory\\store.py\", line 95, in search\n    self._ensure_index()\n  File \"D:\\Programming\\auto-gaming\\app\\memory\\store.py\", line 70, in _ensure_index\n    self._conn.execute(\nsqlite3.ProgrammingError: SQLite objects created in a thread can only be used in that same thread. The object was created in thread id 28412 and this is thread id 20144."}
{"ts": "2025-08-11T16:29:55+0800", "level": "INFO", "logger": "httpx", "msg": "HTTP Request: GET https://www.google.com/search?q=Epic7%20|%20:%20%E2%80%9C%20\\s:%20|%20Tirel%20Cast%2033 \"HTTP/1.1 200 OK\""}
{"ts": "2025-08-11T16:29:55+0800", "level": "ERROR", "logger": "runner", "msg": "runner_loop_error", "exc_info": "Traceback (most recent call last):\n  File \"D:\\Programming\\auto-gaming\\app\\agents\\runner.py\", line 332, in _run_loop\n    score, action, who = await orchestrate(state)\n                         ^^^^^^^^^^^^^^^^^^^^^^^^\n  File \"D:\\Programming\\auto-gaming\\app\\agents\\orchestrator.py\", line 215, in orchestrate\n    results, facts = await asyncio.gather(asyncio.gather(*tasks), mem_task)\n                     ^^^^^^^^^^^^^^^^^^^^^^^^^^^^^^^^^^^^^^^^^^^^^^^^^^^^^^\n  File \"C:\\Users\\caspa\\AppData\\Local\\Programs\\Python\\Python311\\Lib\\asyncio\\threads.py\", line 25, in to_thread\n    return await loop.run_in_executor(None, func_call)\n           ^^^^^^^^^^^^^^^^^^^^^^^^^^^^^^^^^^^^^^^^^^^\n  File \"C:\\Users\\caspa\\AppData\\Local\\Programs\\Python\\Python311\\Lib\\concurrent\\futures\\thread.py\", line 58, in run\n    result = self.fn(*self.args, **self.kwargs)\n             ^^^^^^^^^^^^^^^^^^^^^^^^^^^^^^^^^^\n  File \"D:\\Programming\\auto-gaming\\app\\memory\\store.py\", line 95, in search\n    self._ensure_index()\n  File \"D:\\Programming\\auto-gaming\\app\\memory\\store.py\", line 70, in _ensure_index\n    self._conn.execute(\nsqlite3.ProgrammingError: SQLite objects created in a thread can only be used in that same thread. The object was created in thread id 28412 and this is thread id 17312."}
{"ts": "2025-08-11T16:30:03+0800", "level": "ERROR", "logger": "runner", "msg": "runner_loop_error", "exc_info": "Traceback (most recent call last):\n  File \"D:\\Programming\\auto-gaming\\app\\agents\\runner.py\", line 332, in _run_loop\n    score, action, who = await orchestrate(state)\n                         ^^^^^^^^^^^^^^^^^^^^^^^^\n  File \"D:\\Programming\\auto-gaming\\app\\agents\\orchestrator.py\", line 215, in orchestrate\n    results, facts = await asyncio.gather(asyncio.gather(*tasks), mem_task)\n                     ^^^^^^^^^^^^^^^^^^^^^^^^^^^^^^^^^^^^^^^^^^^^^^^^^^^^^^\n  File \"C:\\Users\\caspa\\AppData\\Local\\Programs\\Python\\Python311\\Lib\\asyncio\\threads.py\", line 25, in to_thread\n    return await loop.run_in_executor(None, func_call)\n           ^^^^^^^^^^^^^^^^^^^^^^^^^^^^^^^^^^^^^^^^^^^\n  File \"C:\\Users\\caspa\\AppData\\Local\\Programs\\Python\\Python311\\Lib\\concurrent\\futures\\thread.py\", line 58, in run\n    result = self.fn(*self.args, **self.kwargs)\n             ^^^^^^^^^^^^^^^^^^^^^^^^^^^^^^^^^^\n  File \"D:\\Programming\\auto-gaming\\app\\memory\\store.py\", line 95, in search\n    self._ensure_index()\n  File \"D:\\Programming\\auto-gaming\\app\\memory\\store.py\", line 70, in _ensure_index\n    self._conn.execute(\nsqlite3.ProgrammingError: SQLite objects created in a thread can only be used in that same thread. The object was created in thread id 28412 and this is thread id 7260."}
{"ts": "2025-08-11T16:41:03+0800", "level": "INFO", "logger": "sentence_transformers.SentenceTransformer", "msg": "Use pytorch device_name: cpu"}
{"ts": "2025-08-11T16:41:03+0800", "level": "INFO", "logger": "sentence_transformers.SentenceTransformer", "msg": "Load pretrained SentenceTransformer: sentence-transformers/all-MiniLM-L6-v2"}
{"ts": "2025-08-11T16:41:31+0800", "level": "INFO", "logger": "sentence_transformers.SentenceTransformer", "msg": "Use pytorch device_name: cpu"}
{"ts": "2025-08-11T16:41:31+0800", "level": "INFO", "logger": "sentence_transformers.SentenceTransformer", "msg": "Load pretrained SentenceTransformer: sentence-transformers/all-MiniLM-L6-v2"}
{"ts": "2025-08-11T16:41:58+0800", "level": "INFO", "logger": "sentence_transformers.SentenceTransformer", "msg": "Use pytorch device_name: cpu"}
{"ts": "2025-08-11T16:41:58+0800", "level": "INFO", "logger": "sentence_transformers.SentenceTransformer", "msg": "Load pretrained SentenceTransformer: sentence-transformers/all-MiniLM-L6-v2"}
{"ts": "2025-08-11T16:42:24+0800", "level": "INFO", "logger": "sentence_transformers.SentenceTransformer", "msg": "Use pytorch device_name: cpu"}
{"ts": "2025-08-11T16:42:24+0800", "level": "INFO", "logger": "sentence_transformers.SentenceTransformer", "msg": "Load pretrained SentenceTransformer: sentence-transformers/all-MiniLM-L6-v2"}
{"ts": "2025-08-11T16:42:50+0800", "level": "INFO", "logger": "sentence_transformers.SentenceTransformer", "msg": "Use pytorch device_name: cpu"}
{"ts": "2025-08-11T16:42:50+0800", "level": "INFO", "logger": "sentence_transformers.SentenceTransformer", "msg": "Load pretrained SentenceTransformer: sentence-transformers/all-MiniLM-L6-v2"}
{"ts": "2025-08-11T16:43:16+0800", "level": "INFO", "logger": "sentence_transformers.SentenceTransformer", "msg": "Use pytorch device_name: cpu"}
{"ts": "2025-08-11T16:43:16+0800", "level": "INFO", "logger": "sentence_transformers.SentenceTransformer", "msg": "Load pretrained SentenceTransformer: sentence-transformers/all-MiniLM-L6-v2"}
{"ts": "2025-08-11T16:43:42+0800", "level": "INFO", "logger": "sentence_transformers.SentenceTransformer", "msg": "Use pytorch device_name: cpu"}
{"ts": "2025-08-11T16:43:42+0800", "level": "INFO", "logger": "sentence_transformers.SentenceTransformer", "msg": "Load pretrained SentenceTransformer: sentence-transformers/all-MiniLM-L6-v2"}
{"ts": "2025-08-11T16:44:10+0800", "level": "INFO", "logger": "sentence_transformers.SentenceTransformer", "msg": "Use pytorch device_name: cpu"}
{"ts": "2025-08-11T16:44:10+0800", "level": "INFO", "logger": "sentence_transformers.SentenceTransformer", "msg": "Load pretrained SentenceTransformer: sentence-transformers/all-MiniLM-L6-v2"}
{"ts": "2025-08-11T16:44:38+0800", "level": "INFO", "logger": "sentence_transformers.SentenceTransformer", "msg": "Use pytorch device_name: cpu"}
{"ts": "2025-08-11T16:44:38+0800", "level": "INFO", "logger": "sentence_transformers.SentenceTransformer", "msg": "Load pretrained SentenceTransformer: sentence-transformers/all-MiniLM-L6-v2"}
{"ts": "2025-08-11T17:04:32+0800", "level": "ERROR", "logger": "runner", "msg": "runner_loop_error", "exc_info": "Traceback (most recent call last):\n  File \"D:\\Programming\\auto-gaming\\app\\agents\\runner.py\", line 332, in _run_loop\n    score, action, who = await orchestrate(state)\n                         ^^^^^^^^^^^^^^^^^^^^^^^^\n  File \"D:\\Programming\\auto-gaming\\app\\agents\\orchestrator.py\", line 215, in orchestrate\n    results, facts = await asyncio.gather(asyncio.gather(*tasks), mem_task)\n                     ^^^^^^^^^^^^^^^^^^^^^^^^^^^^^^^^^^^^^^^^^^^^^^^^^^^^^^\n  File \"C:\\Users\\caspa\\AppData\\Local\\Programs\\Python\\Python311\\Lib\\asyncio\\threads.py\", line 25, in to_thread\n    return await loop.run_in_executor(None, func_call)\n           ^^^^^^^^^^^^^^^^^^^^^^^^^^^^^^^^^^^^^^^^^^^\n  File \"C:\\Users\\caspa\\AppData\\Local\\Programs\\Python\\Python311\\Lib\\concurrent\\futures\\thread.py\", line 58, in run\n    result = self.fn(*self.args, **self.kwargs)\n             ^^^^^^^^^^^^^^^^^^^^^^^^^^^^^^^^^^\n  File \"D:\\Programming\\auto-gaming\\app\\memory\\store.py\", line 109, in search\n    self._ensure_index()\n  File \"D:\\Programming\\auto-gaming\\app\\memory\\store.py\", line 79, in _ensure_index\n    if self._index is not None and self._embeddings is not None and self._rows is not None:\n       ^^^^^^^^^^^\nAttributeError: 'MemoryStore' object has no attribute '_index'"}
{"ts": "2025-08-11T17:04:37+0800", "level": "ERROR", "logger": "runner", "msg": "runner_loop_error", "exc_info": "Traceback (most recent call last):\n  File \"D:\\Programming\\auto-gaming\\app\\agents\\runner.py\", line 332, in _run_loop\n    score, action, who = await orchestrate(state)\n                         ^^^^^^^^^^^^^^^^^^^^^^^^\n  File \"D:\\Programming\\auto-gaming\\app\\agents\\orchestrator.py\", line 215, in orchestrate\n    results, facts = await asyncio.gather(asyncio.gather(*tasks), mem_task)\n                     ^^^^^^^^^^^^^^^^^^^^^^^^^^^^^^^^^^^^^^^^^^^^^^^^^^^^^^\n  File \"C:\\Users\\caspa\\AppData\\Local\\Programs\\Python\\Python311\\Lib\\asyncio\\threads.py\", line 25, in to_thread\n    return await loop.run_in_executor(None, func_call)\n           ^^^^^^^^^^^^^^^^^^^^^^^^^^^^^^^^^^^^^^^^^^^\n  File \"C:\\Users\\caspa\\AppData\\Local\\Programs\\Python\\Python311\\Lib\\concurrent\\futures\\thread.py\", line 58, in run\n    result = self.fn(*self.args, **self.kwargs)\n             ^^^^^^^^^^^^^^^^^^^^^^^^^^^^^^^^^^\n  File \"D:\\Programming\\auto-gaming\\app\\memory\\store.py\", line 109, in search\n    self._ensure_index()\n  File \"D:\\Programming\\auto-gaming\\app\\memory\\store.py\", line 79, in _ensure_index\n    if self._index is not None and self._embeddings is not None and self._rows is not None:\n       ^^^^^^^^^^^\nAttributeError: 'MemoryStore' object has no attribute '_index'"}
{"ts": "2025-08-11T17:24:23+0800", "level": "INFO", "logger": "sentence_transformers.SentenceTransformer", "msg": "Use pytorch device_name: cpu"}
{"ts": "2025-08-11T17:24:23+0800", "level": "INFO", "logger": "sentence_transformers.SentenceTransformer", "msg": "Load pretrained SentenceTransformer: sentence-transformers/all-MiniLM-L6-v2"}
{"ts": "2025-08-11T17:24:52+0800", "level": "INFO", "logger": "sentence_transformers.SentenceTransformer", "msg": "Use pytorch device_name: cpu"}
{"ts": "2025-08-11T17:24:52+0800", "level": "INFO", "logger": "sentence_transformers.SentenceTransformer", "msg": "Load pretrained SentenceTransformer: sentence-transformers/all-MiniLM-L6-v2"}
{"ts": "2025-08-11T17:25:18+0800", "level": "INFO", "logger": "sentence_transformers.SentenceTransformer", "msg": "Use pytorch device_name: cpu"}
{"ts": "2025-08-11T17:25:18+0800", "level": "INFO", "logger": "sentence_transformers.SentenceTransformer", "msg": "Load pretrained SentenceTransformer: sentence-transformers/all-MiniLM-L6-v2"}
{"ts": "2025-08-11T17:25:46+0800", "level": "INFO", "logger": "sentence_transformers.SentenceTransformer", "msg": "Use pytorch device_name: cpu"}
{"ts": "2025-08-11T17:25:46+0800", "level": "INFO", "logger": "sentence_transformers.SentenceTransformer", "msg": "Load pretrained SentenceTransformer: sentence-transformers/all-MiniLM-L6-v2"}
{"ts": "2025-08-11T17:26:14+0800", "level": "INFO", "logger": "sentence_transformers.SentenceTransformer", "msg": "Use pytorch device_name: cpu"}
{"ts": "2025-08-11T17:26:14+0800", "level": "INFO", "logger": "sentence_transformers.SentenceTransformer", "msg": "Load pretrained SentenceTransformer: sentence-transformers/all-MiniLM-L6-v2"}
{"ts": "2025-08-11T17:26:42+0800", "level": "INFO", "logger": "sentence_transformers.SentenceTransformer", "msg": "Use pytorch device_name: cpu"}
{"ts": "2025-08-11T17:26:42+0800", "level": "INFO", "logger": "sentence_transformers.SentenceTransformer", "msg": "Load pretrained SentenceTransformer: sentence-transformers/all-MiniLM-L6-v2"}
{"ts": "2025-08-11T17:27:10+0800", "level": "INFO", "logger": "sentence_transformers.SentenceTransformer", "msg": "Use pytorch device_name: cpu"}
{"ts": "2025-08-11T17:27:10+0800", "level": "INFO", "logger": "sentence_transformers.SentenceTransformer", "msg": "Load pretrained SentenceTransformer: sentence-transformers/all-MiniLM-L6-v2"}
{"ts": "2025-08-11T21:11:28+0800", "level": "INFO", "logger": "sentence_transformers.SentenceTransformer", "msg": "Use pytorch device_name: cpu"}
{"ts": "2025-08-11T21:11:28+0800", "level": "INFO", "logger": "sentence_transformers.SentenceTransformer", "msg": "Load pretrained SentenceTransformer: sentence-transformers/all-MiniLM-L6-v2"}
{"ts": "2025-08-11T21:11:58+0800", "level": "INFO", "logger": "sentence_transformers.SentenceTransformer", "msg": "Use pytorch device_name: cpu"}
{"ts": "2025-08-11T21:11:58+0800", "level": "INFO", "logger": "sentence_transformers.SentenceTransformer", "msg": "Load pretrained SentenceTransformer: sentence-transformers/all-MiniLM-L6-v2"}
{"ts": "2025-08-11T21:12:26+0800", "level": "INFO", "logger": "sentence_transformers.SentenceTransformer", "msg": "Use pytorch device_name: cpu"}
{"ts": "2025-08-11T21:12:26+0800", "level": "INFO", "logger": "sentence_transformers.SentenceTransformer", "msg": "Load pretrained SentenceTransformer: sentence-transformers/all-MiniLM-L6-v2"}
{"ts": "2025-08-11T21:12:56+0800", "level": "INFO", "logger": "sentence_transformers.SentenceTransformer", "msg": "Use pytorch device_name: cpu"}
{"ts": "2025-08-11T21:12:56+0800", "level": "INFO", "logger": "sentence_transformers.SentenceTransformer", "msg": "Load pretrained SentenceTransformer: sentence-transformers/all-MiniLM-L6-v2"}
{"ts": "2025-08-11T21:13:24+0800", "level": "INFO", "logger": "sentence_transformers.SentenceTransformer", "msg": "Use pytorch device_name: cpu"}
{"ts": "2025-08-11T21:13:24+0800", "level": "INFO", "logger": "sentence_transformers.SentenceTransformer", "msg": "Load pretrained SentenceTransformer: sentence-transformers/all-MiniLM-L6-v2"}
{"ts": "2025-08-11T21:13:52+0800", "level": "INFO", "logger": "sentence_transformers.SentenceTransformer", "msg": "Use pytorch device_name: cpu"}
{"ts": "2025-08-11T21:13:52+0800", "level": "INFO", "logger": "sentence_transformers.SentenceTransformer", "msg": "Load pretrained SentenceTransformer: sentence-transformers/all-MiniLM-L6-v2"}
{"ts": "2025-08-11T21:58:26+0800", "level": "INFO", "logger": "sentence_transformers.SentenceTransformer", "msg": "Use pytorch device_name: cpu"}
{"ts": "2025-08-11T21:58:26+0800", "level": "INFO", "logger": "sentence_transformers.SentenceTransformer", "msg": "Load pretrained SentenceTransformer: sentence-transformers/all-MiniLM-L6-v2"}
{"ts": "2025-08-11T21:58:57+0800", "level": "INFO", "logger": "sentence_transformers.SentenceTransformer", "msg": "Use pytorch device_name: cpu"}
{"ts": "2025-08-11T21:58:57+0800", "level": "INFO", "logger": "sentence_transformers.SentenceTransformer", "msg": "Load pretrained SentenceTransformer: sentence-transformers/all-MiniLM-L6-v2"}
{"ts": "2025-08-11T21:59:27+0800", "level": "INFO", "logger": "sentence_transformers.SentenceTransformer", "msg": "Use pytorch device_name: cpu"}
{"ts": "2025-08-11T21:59:27+0800", "level": "INFO", "logger": "sentence_transformers.SentenceTransformer", "msg": "Load pretrained SentenceTransformer: sentence-transformers/all-MiniLM-L6-v2"}
{"ts": "2025-08-11T21:59:55+0800", "level": "INFO", "logger": "sentence_transformers.SentenceTransformer", "msg": "Use pytorch device_name: cpu"}
{"ts": "2025-08-11T21:59:55+0800", "level": "INFO", "logger": "sentence_transformers.SentenceTransformer", "msg": "Load pretrained SentenceTransformer: sentence-transformers/all-MiniLM-L6-v2"}
{"ts": "2025-08-11T22:00:25+0800", "level": "INFO", "logger": "sentence_transformers.SentenceTransformer", "msg": "Use pytorch device_name: cpu"}
{"ts": "2025-08-11T22:00:25+0800", "level": "INFO", "logger": "sentence_transformers.SentenceTransformer", "msg": "Load pretrained SentenceTransformer: sentence-transformers/all-MiniLM-L6-v2"}
{"ts": "2025-08-11T22:00:54+0800", "level": "INFO", "logger": "sentence_transformers.SentenceTransformer", "msg": "Use pytorch device_name: cpu"}
{"ts": "2025-08-11T22:00:54+0800", "level": "INFO", "logger": "sentence_transformers.SentenceTransformer", "msg": "Load pretrained SentenceTransformer: sentence-transformers/all-MiniLM-L6-v2"}
{"ts": "2025-08-11T22:01:24+0800", "level": "INFO", "logger": "sentence_transformers.SentenceTransformer", "msg": "Use pytorch device_name: cpu"}
{"ts": "2025-08-11T22:01:24+0800", "level": "INFO", "logger": "sentence_transformers.SentenceTransformer", "msg": "Load pretrained SentenceTransformer: sentence-transformers/all-MiniLM-L6-v2"}
{"ts": "2025-08-11T22:01:53+0800", "level": "INFO", "logger": "sentence_transformers.SentenceTransformer", "msg": "Use pytorch device_name: cpu"}
{"ts": "2025-08-11T22:01:53+0800", "level": "INFO", "logger": "sentence_transformers.SentenceTransformer", "msg": "Load pretrained SentenceTransformer: sentence-transformers/all-MiniLM-L6-v2"}
{"ts": "2025-08-11T22:02:23+0800", "level": "INFO", "logger": "sentence_transformers.SentenceTransformer", "msg": "Use pytorch device_name: cpu"}
{"ts": "2025-08-11T22:02:23+0800", "level": "INFO", "logger": "sentence_transformers.SentenceTransformer", "msg": "Load pretrained SentenceTransformer: sentence-transformers/all-MiniLM-L6-v2"}
{"ts": "2025-08-11T22:29:05+0800", "level": "INFO", "logger": "sentence_transformers.SentenceTransformer", "msg": "Use pytorch device_name: cpu"}
{"ts": "2025-08-11T22:29:05+0800", "level": "INFO", "logger": "sentence_transformers.SentenceTransformer", "msg": "Load pretrained SentenceTransformer: sentence-transformers/all-MiniLM-L6-v2"}
{"ts": "2025-08-11T22:29:36+0800", "level": "INFO", "logger": "sentence_transformers.SentenceTransformer", "msg": "Use pytorch device_name: cpu"}
{"ts": "2025-08-11T22:29:36+0800", "level": "INFO", "logger": "sentence_transformers.SentenceTransformer", "msg": "Load pretrained SentenceTransformer: sentence-transformers/all-MiniLM-L6-v2"}
{"ts": "2025-08-11T22:30:05+0800", "level": "INFO", "logger": "sentence_transformers.SentenceTransformer", "msg": "Use pytorch device_name: cpu"}
{"ts": "2025-08-11T22:30:05+0800", "level": "INFO", "logger": "sentence_transformers.SentenceTransformer", "msg": "Load pretrained SentenceTransformer: sentence-transformers/all-MiniLM-L6-v2"}
{"ts": "2025-08-11T22:30:36+0800", "level": "INFO", "logger": "sentence_transformers.SentenceTransformer", "msg": "Use pytorch device_name: cpu"}
{"ts": "2025-08-11T22:30:36+0800", "level": "INFO", "logger": "sentence_transformers.SentenceTransformer", "msg": "Load pretrained SentenceTransformer: sentence-transformers/all-MiniLM-L6-v2"}
{"ts": "2025-08-11T22:31:09+0800", "level": "INFO", "logger": "sentence_transformers.SentenceTransformer", "msg": "Use pytorch device_name: cpu"}
{"ts": "2025-08-11T22:31:09+0800", "level": "INFO", "logger": "sentence_transformers.SentenceTransformer", "msg": "Load pretrained SentenceTransformer: sentence-transformers/all-MiniLM-L6-v2"}
{"ts": "2025-08-11T22:31:41+0800", "level": "INFO", "logger": "sentence_transformers.SentenceTransformer", "msg": "Use pytorch device_name: cpu"}
{"ts": "2025-08-11T22:31:41+0800", "level": "INFO", "logger": "sentence_transformers.SentenceTransformer", "msg": "Load pretrained SentenceTransformer: sentence-transformers/all-MiniLM-L6-v2"}
{"ts": "2025-08-11T22:56:45+0800", "level": "INFO", "logger": "sentence_transformers.SentenceTransformer", "msg": "Use pytorch device_name: cpu"}
{"ts": "2025-08-11T22:56:45+0800", "level": "INFO", "logger": "sentence_transformers.SentenceTransformer", "msg": "Load pretrained SentenceTransformer: sentence-transformers/all-MiniLM-L6-v2"}
{"ts": "2025-08-11T22:57:18+0800", "level": "INFO", "logger": "sentence_transformers.SentenceTransformer", "msg": "Use pytorch device_name: cpu"}
{"ts": "2025-08-11T22:57:18+0800", "level": "INFO", "logger": "sentence_transformers.SentenceTransformer", "msg": "Load pretrained SentenceTransformer: sentence-transformers/all-MiniLM-L6-v2"}
{"ts": "2025-08-11T22:57:49+0800", "level": "INFO", "logger": "sentence_transformers.SentenceTransformer", "msg": "Use pytorch device_name: cpu"}
{"ts": "2025-08-11T22:57:49+0800", "level": "INFO", "logger": "sentence_transformers.SentenceTransformer", "msg": "Load pretrained SentenceTransformer: sentence-transformers/all-MiniLM-L6-v2"}
{"ts": "2025-08-11T22:58:20+0800", "level": "INFO", "logger": "sentence_transformers.SentenceTransformer", "msg": "Use pytorch device_name: cpu"}
{"ts": "2025-08-11T22:58:20+0800", "level": "INFO", "logger": "sentence_transformers.SentenceTransformer", "msg": "Load pretrained SentenceTransformer: sentence-transformers/all-MiniLM-L6-v2"}
{"ts": "2025-08-11T22:58:51+0800", "level": "INFO", "logger": "sentence_transformers.SentenceTransformer", "msg": "Use pytorch device_name: cpu"}
{"ts": "2025-08-11T22:58:51+0800", "level": "INFO", "logger": "sentence_transformers.SentenceTransformer", "msg": "Load pretrained SentenceTransformer: sentence-transformers/all-MiniLM-L6-v2"}
{"ts": "2025-08-11T23:18:25+0800", "level": "INFO", "logger": "sentence_transformers.SentenceTransformer", "msg": "Use pytorch device_name: cpu"}
{"ts": "2025-08-11T23:18:25+0800", "level": "INFO", "logger": "sentence_transformers.SentenceTransformer", "msg": "Load pretrained SentenceTransformer: sentence-transformers/all-MiniLM-L6-v2"}
{"ts": "2025-08-11T23:18:59+0800", "level": "INFO", "logger": "sentence_transformers.SentenceTransformer", "msg": "Use pytorch device_name: cpu"}
{"ts": "2025-08-11T23:18:59+0800", "level": "INFO", "logger": "sentence_transformers.SentenceTransformer", "msg": "Load pretrained SentenceTransformer: sentence-transformers/all-MiniLM-L6-v2"}
{"ts": "2025-08-11T23:19:34+0800", "level": "INFO", "logger": "sentence_transformers.SentenceTransformer", "msg": "Use pytorch device_name: cpu"}
{"ts": "2025-08-11T23:19:34+0800", "level": "INFO", "logger": "sentence_transformers.SentenceTransformer", "msg": "Load pretrained SentenceTransformer: sentence-transformers/all-MiniLM-L6-v2"}
{"ts": "2025-08-11T23:32:34+0800", "level": "INFO", "logger": "sentence_transformers.SentenceTransformer", "msg": "Use pytorch device_name: cpu"}
{"ts": "2025-08-11T23:32:34+0800", "level": "INFO", "logger": "sentence_transformers.SentenceTransformer", "msg": "Load pretrained SentenceTransformer: sentence-transformers/all-MiniLM-L6-v2"}
{"ts": "2025-08-11T23:35:41+0800", "level": "INFO", "logger": "sentence_transformers.SentenceTransformer", "msg": "Use pytorch device_name: cpu"}
{"ts": "2025-08-11T23:35:41+0800", "level": "INFO", "logger": "sentence_transformers.SentenceTransformer", "msg": "Load pretrained SentenceTransformer: sentence-transformers/all-MiniLM-L6-v2"}
{"ts": "2025-08-11T23:36:12+0800", "level": "ERROR", "logger": "runner", "msg": "runner_loop_error", "exc_info": "Traceback (most recent call last):\n  File \"D:\\Programming\\auto-gaming\\app\\agents\\runner.py\", line 473, in _run_loop\n    execute(action)\n  File \"D:\\Programming\\auto-gaming\\app\\actions\\executor.py\", line 145, in execute\n    do_window()\n  File \"D:\\Programming\\auto-gaming\\app\\actions\\executor.py\", line 106, in do_window\n    rect = find_window_rect(settings.window_title_hint)\n           ^^^^^^^^^^^^^^^^^^^^^^^^^^^^^^^^^^^^^^^^^^^^\n  File \"D:\\Programming\\auto-gaming\\app\\services\\capture\\window_capture.py\", line 107, in find_window_rect\n    raise WindowCaptureError(\napp.services.capture.window_capture.WindowCaptureError: Emulator window not found. Ensure the emulator is running and visible (not minimized). WINDOW_TITLE_HINT=Google Play Games|Epic Seven|Epic 7|Epic Seven - FRl3ZD."}
{"ts": "2025-08-11T23:36:15+0800", "level": "ERROR", "logger": "runner", "msg": "runner_loop_error", "exc_info": "Traceback (most recent call last):\n  File \"D:\\Programming\\auto-gaming\\app\\agents\\runner.py\", line 173, in _run_loop\n    image = capture_frame()\n            ^^^^^^^^^^^^^^^\n  File \"D:\\Programming\\auto-gaming\\app\\services\\capture\\__init__.py\", line 24, in capture_frame\n    return _capture_via_window()\n           ^^^^^^^^^^^^^^^^^^^^^\n  File \"D:\\Programming\\auto-gaming\\app\\services\\capture\\__init__.py\", line 58, in _capture_via_window\n    return capture_window(title_hint)\n           ^^^^^^^^^^^^^^^^^^^^^^^^^^\n  File \"D:\\Programming\\auto-gaming\\app\\services\\capture\\window_capture.py\", line 115, in capture_window\n    rect = find_window_rect(title_hint)\n           ^^^^^^^^^^^^^^^^^^^^^^^^^^^^\n  File \"D:\\Programming\\auto-gaming\\app\\services\\capture\\window_capture.py\", line 107, in find_window_rect\n    raise WindowCaptureError(\napp.services.capture.window_capture.WindowCaptureError: Emulator window not found. Ensure the emulator is running and visible (not minimized). WINDOW_TITLE_HINT=Google Play Games|Epic Seven|Epic 7|Epic Seven - FRl3ZD."}
{"ts": "2025-08-11T23:36:24+0800", "level": "INFO", "logger": "httpx", "msg": "HTTP Request: GET https://www.google.com/search?q=Epic7%20%C2%B0%20Pees%2056 \"HTTP/1.1 200 OK\""}
{"ts": "2025-08-11T23:36:24+0800", "level": "INFO", "logger": "sentence_transformers.SentenceTransformer", "msg": "Use pytorch device_name: cpu"}
{"ts": "2025-08-11T23:36:24+0800", "level": "INFO", "logger": "sentence_transformers.SentenceTransformer", "msg": "Load pretrained SentenceTransformer: sentence-transformers/all-MiniLM-L6-v2"}
{"ts": "2025-08-11T23:37:00+0800", "level": "INFO", "logger": "sentence_transformers.SentenceTransformer", "msg": "Use pytorch device_name: cpu"}
{"ts": "2025-08-11T23:37:00+0800", "level": "INFO", "logger": "sentence_transformers.SentenceTransformer", "msg": "Load pretrained SentenceTransformer: sentence-transformers/all-MiniLM-L6-v2"}
{"ts": "2025-08-11T23:40:42+0800", "level": "INFO", "logger": "sentence_transformers.SentenceTransformer", "msg": "Use pytorch device_name: cpu"}
{"ts": "2025-08-11T23:40:42+0800", "level": "INFO", "logger": "sentence_transformers.SentenceTransformer", "msg": "Load pretrained SentenceTransformer: sentence-transformers/all-MiniLM-L6-v2"}
{"ts": "2025-08-11T23:41:15+0800", "level": "INFO", "logger": "sentence_transformers.SentenceTransformer", "msg": "Use pytorch device_name: cpu"}
{"ts": "2025-08-11T23:41:15+0800", "level": "INFO", "logger": "sentence_transformers.SentenceTransformer", "msg": "Load pretrained SentenceTransformer: sentence-transformers/all-MiniLM-L6-v2"}
{"ts": "2025-08-11T23:41:49+0800", "level": "INFO", "logger": "sentence_transformers.SentenceTransformer", "msg": "Use pytorch device_name: cpu"}
{"ts": "2025-08-11T23:41:49+0800", "level": "INFO", "logger": "sentence_transformers.SentenceTransformer", "msg": "Load pretrained SentenceTransformer: sentence-transformers/all-MiniLM-L6-v2"}
{"ts": "2025-08-11T23:42:21+0800", "level": "INFO", "logger": "sentence_transformers.SentenceTransformer", "msg": "Use pytorch device_name: cpu"}
{"ts": "2025-08-11T23:42:21+0800", "level": "INFO", "logger": "sentence_transformers.SentenceTransformer", "msg": "Load pretrained SentenceTransformer: sentence-transformers/all-MiniLM-L6-v2"}
{"ts": "2025-08-11T23:42:52+0800", "level": "INFO", "logger": "sentence_transformers.SentenceTransformer", "msg": "Use pytorch device_name: cpu"}
{"ts": "2025-08-11T23:42:52+0800", "level": "INFO", "logger": "sentence_transformers.SentenceTransformer", "msg": "Load pretrained SentenceTransformer: sentence-transformers/all-MiniLM-L6-v2"}
{"ts": "2025-08-11T23:43:23+0800", "level": "INFO", "logger": "sentence_transformers.SentenceTransformer", "msg": "Use pytorch device_name: cpu"}
{"ts": "2025-08-11T23:43:23+0800", "level": "INFO", "logger": "sentence_transformers.SentenceTransformer", "msg": "Load pretrained SentenceTransformer: sentence-transformers/all-MiniLM-L6-v2"}
{"ts": "2025-08-11T23:43:55+0800", "level": "INFO", "logger": "sentence_transformers.SentenceTransformer", "msg": "Use pytorch device_name: cpu"}
{"ts": "2025-08-11T23:43:55+0800", "level": "INFO", "logger": "sentence_transformers.SentenceTransformer", "msg": "Load pretrained SentenceTransformer: sentence-transformers/all-MiniLM-L6-v2"}
{"ts": "2025-08-11T23:44:25+0800", "level": "INFO", "logger": "sentence_transformers.SentenceTransformer", "msg": "Use pytorch device_name: cpu"}
{"ts": "2025-08-11T23:44:25+0800", "level": "INFO", "logger": "sentence_transformers.SentenceTransformer", "msg": "Load pretrained SentenceTransformer: sentence-transformers/all-MiniLM-L6-v2"}
{"ts": "2025-08-11T23:44:58+0800", "level": "INFO", "logger": "sentence_transformers.SentenceTransformer", "msg": "Use pytorch device_name: cpu"}
{"ts": "2025-08-11T23:44:58+0800", "level": "INFO", "logger": "sentence_transformers.SentenceTransformer", "msg": "Load pretrained SentenceTransformer: sentence-transformers/all-MiniLM-L6-v2"}
{"ts": "2025-08-11T23:50:28+0800", "level": "INFO", "logger": "sentence_transformers.SentenceTransformer", "msg": "Use pytorch device_name: cpu"}
{"ts": "2025-08-11T23:50:28+0800", "level": "INFO", "logger": "sentence_transformers.SentenceTransformer", "msg": "Load pretrained SentenceTransformer: sentence-transformers/all-MiniLM-L6-v2"}
{"ts": "2025-08-11T23:50:56+0800", "level": "ERROR", "logger": "runner", "msg": "runner_loop_error", "exc_info": "Traceback (most recent call last):\n  File \"D:\\Programming\\auto-gaming\\app\\agents\\runner.py\", line 473, in _run_loop\n    execute(action)\n  File \"D:\\Programming\\auto-gaming\\app\\actions\\executor.py\", line 145, in execute\n    do_window()\n  File \"D:\\Programming\\auto-gaming\\app\\actions\\executor.py\", line 125, in do_window\n    click_absolute(x, y)\n  File \"D:\\Programming\\auto-gaming\\app\\services\\input\\window_input.py\", line 88, in click_absolute\n    from app.services.capture.window_capture import find_window_handle\nImportError: cannot import name 'find_window_handle' from 'app.services.capture.window_capture' (D:\\Programming\\auto-gaming\\app\\services\\capture\\window_capture.py)"}
{"ts": "2025-08-11T23:51:03+0800", "level": "INFO", "logger": "sentence_transformers.SentenceTransformer", "msg": "Use pytorch device_name: cpu"}
{"ts": "2025-08-11T23:51:03+0800", "level": "INFO", "logger": "sentence_transformers.SentenceTransformer", "msg": "Load pretrained SentenceTransformer: sentence-transformers/all-MiniLM-L6-v2"}
{"ts": "2025-08-11T23:51:28+0800", "level": "ERROR", "logger": "runner", "msg": "runner_loop_error", "exc_info": "Traceback (most recent call last):\n  File \"D:\\Programming\\auto-gaming\\app\\agents\\runner.py\", line 473, in _run_loop\n    execute(action)\n  File \"D:\\Programming\\auto-gaming\\app\\actions\\executor.py\", line 145, in execute\n    do_window()\n  File \"D:\\Programming\\auto-gaming\\app\\actions\\executor.py\", line 125, in do_window\n    click_absolute(x, y)\n  File \"D:\\Programming\\auto-gaming\\app\\services\\input\\window_input.py\", line 88, in click_absolute\n    from app.services.capture.window_capture import find_window_handle\nImportError: cannot import name 'find_window_handle' from 'app.services.capture.window_capture' (D:\\Programming\\auto-gaming\\app\\services\\capture\\window_capture.py)"}
{"ts": "2025-08-11T23:51:36+0800", "level": "INFO", "logger": "httpx", "msg": "HTTP Request: GET https://www.google.com/search?q=Epic7%20aa%20%20Sana%20%20ad%20ae. \"HTTP/1.1 200 OK\""}
{"ts": "2025-08-11T23:51:37+0800", "level": "INFO", "logger": "sentence_transformers.SentenceTransformer", "msg": "Use pytorch device_name: cpu"}
{"ts": "2025-08-11T23:51:37+0800", "level": "INFO", "logger": "sentence_transformers.SentenceTransformer", "msg": "Load pretrained SentenceTransformer: sentence-transformers/all-MiniLM-L6-v2"}
{"ts": "2025-08-11T23:52:52+0800", "level": "INFO", "logger": "sentence_transformers.SentenceTransformer", "msg": "Use pytorch device_name: cpu"}
{"ts": "2025-08-11T23:52:52+0800", "level": "INFO", "logger": "sentence_transformers.SentenceTransformer", "msg": "Load pretrained SentenceTransformer: sentence-transformers/all-MiniLM-L6-v2"}
{"ts": "2025-08-11T23:53:29+0800", "level": "INFO", "logger": "sentence_transformers.SentenceTransformer", "msg": "Use pytorch device_name: cpu"}
{"ts": "2025-08-11T23:53:29+0800", "level": "INFO", "logger": "sentence_transformers.SentenceTransformer", "msg": "Load pretrained SentenceTransformer: sentence-transformers/all-MiniLM-L6-v2"}
{"ts": "2025-08-11T23:54:00+0800", "level": "ERROR", "logger": "runner", "msg": "runner_loop_error", "exc_info": "Traceback (most recent call last):\n  File \"D:\\Programming\\auto-gaming\\app\\agents\\runner.py\", line 173, in _run_loop\n    image = capture_frame()\n            ^^^^^^^^^^^^^^^\n  File \"D:\\Programming\\auto-gaming\\app\\services\\capture\\__init__.py\", line 24, in capture_frame\n    return _capture_via_window()\n           ^^^^^^^^^^^^^^^^^^^^^\n  File \"D:\\Programming\\auto-gaming\\app\\services\\capture\\__init__.py\", line 58, in _capture_via_window\n    return capture_window(title_hint)\n           ^^^^^^^^^^^^^^^^^^^^^^^^^^\n  File \"D:\\Programming\\auto-gaming\\app\\services\\capture\\window_capture.py\", line 115, in capture_window\n    rect = find_window_rect(title_hint)\n           ^^^^^^^^^^^^^^^^^^^^^^^^^^^^\n  File \"D:\\Programming\\auto-gaming\\app\\services\\capture\\window_capture.py\", line 107, in find_window_rect\n    raise WindowCaptureError(\napp.services.capture.window_capture.WindowCaptureError: Emulator window not found. Ensure the emulator is running and visible (not minimized). WINDOW_TITLE_HINT=Google Play Games|Epic Seven|Epic 7|Epic Seven - FRl3ZD."}
{"ts": "2025-08-12T00:58:02+0800", "level": "INFO", "logger": "sentence_transformers.SentenceTransformer", "msg": "Use pytorch device_name: cpu"}
{"ts": "2025-08-12T00:58:02+0800", "level": "INFO", "logger": "sentence_transformers.SentenceTransformer", "msg": "Load pretrained SentenceTransformer: sentence-transformers/all-MiniLM-L6-v2"}
{"ts": "2025-08-12T00:58:35+0800", "level": "INFO", "logger": "sentence_transformers.SentenceTransformer", "msg": "Use pytorch device_name: cpu"}
{"ts": "2025-08-12T00:58:35+0800", "level": "INFO", "logger": "sentence_transformers.SentenceTransformer", "msg": "Load pretrained SentenceTransformer: sentence-transformers/all-MiniLM-L6-v2"}
{"ts": "2025-08-12T00:59:04+0800", "level": "INFO", "logger": "sentence_transformers.SentenceTransformer", "msg": "Use pytorch device_name: cpu"}
{"ts": "2025-08-12T00:59:04+0800", "level": "INFO", "logger": "sentence_transformers.SentenceTransformer", "msg": "Load pretrained SentenceTransformer: sentence-transformers/all-MiniLM-L6-v2"}
{"ts": "2025-08-12T00:59:32+0800", "level": "INFO", "logger": "sentence_transformers.SentenceTransformer", "msg": "Use pytorch device_name: cpu"}
{"ts": "2025-08-12T00:59:32+0800", "level": "INFO", "logger": "sentence_transformers.SentenceTransformer", "msg": "Load pretrained SentenceTransformer: sentence-transformers/all-MiniLM-L6-v2"}
{"ts": "2025-08-12T01:00:02+0800", "level": "INFO", "logger": "sentence_transformers.SentenceTransformer", "msg": "Use pytorch device_name: cpu"}
{"ts": "2025-08-12T01:00:02+0800", "level": "INFO", "logger": "sentence_transformers.SentenceTransformer", "msg": "Load pretrained SentenceTransformer: sentence-transformers/all-MiniLM-L6-v2"}
{"ts": "2025-08-12T01:01:41+0800", "level": "INFO", "logger": "sentence_transformers.SentenceTransformer", "msg": "Use pytorch device_name: cpu"}
{"ts": "2025-08-12T01:01:41+0800", "level": "INFO", "logger": "sentence_transformers.SentenceTransformer", "msg": "Load pretrained SentenceTransformer: sentence-transformers/all-MiniLM-L6-v2"}
{"ts": "2025-08-12T01:02:13+0800", "level": "INFO", "logger": "sentence_transformers.SentenceTransformer", "msg": "Use pytorch device_name: cpu"}
{"ts": "2025-08-12T01:02:13+0800", "level": "INFO", "logger": "sentence_transformers.SentenceTransformer", "msg": "Load pretrained SentenceTransformer: sentence-transformers/all-MiniLM-L6-v2"}
{"ts": "2025-08-12T01:02:47+0800", "level": "INFO", "logger": "sentence_transformers.SentenceTransformer", "msg": "Use pytorch device_name: cpu"}
{"ts": "2025-08-12T01:02:47+0800", "level": "INFO", "logger": "sentence_transformers.SentenceTransformer", "msg": "Load pretrained SentenceTransformer: sentence-transformers/all-MiniLM-L6-v2"}
{"ts": "2025-08-12T01:03:21+0800", "level": "INFO", "logger": "sentence_transformers.SentenceTransformer", "msg": "Use pytorch device_name: cpu"}
{"ts": "2025-08-12T01:03:21+0800", "level": "INFO", "logger": "sentence_transformers.SentenceTransformer", "msg": "Load pretrained SentenceTransformer: sentence-transformers/all-MiniLM-L6-v2"}
{"ts": "2025-08-12T01:04:23+0800", "level": "INFO", "logger": "sentence_transformers.SentenceTransformer", "msg": "Use pytorch device_name: cpu"}
{"ts": "2025-08-12T01:04:23+0800", "level": "INFO", "logger": "sentence_transformers.SentenceTransformer", "msg": "Load pretrained SentenceTransformer: sentence-transformers/all-MiniLM-L6-v2"}
{"ts": "2025-08-12T01:04:56+0800", "level": "INFO", "logger": "sentence_transformers.SentenceTransformer", "msg": "Use pytorch device_name: cpu"}
{"ts": "2025-08-12T01:04:56+0800", "level": "INFO", "logger": "sentence_transformers.SentenceTransformer", "msg": "Load pretrained SentenceTransformer: sentence-transformers/all-MiniLM-L6-v2"}
{"ts": "2025-08-12T01:05:56+0800", "level": "INFO", "logger": "sentence_transformers.SentenceTransformer", "msg": "Use pytorch device_name: cpu"}
{"ts": "2025-08-12T01:05:56+0800", "level": "INFO", "logger": "sentence_transformers.SentenceTransformer", "msg": "Load pretrained SentenceTransformer: sentence-transformers/all-MiniLM-L6-v2"}
{"ts": "2025-08-12T01:06:25+0800", "level": "INFO", "logger": "sentence_transformers.SentenceTransformer", "msg": "Use pytorch device_name: cpu"}
{"ts": "2025-08-12T01:06:25+0800", "level": "INFO", "logger": "sentence_transformers.SentenceTransformer", "msg": "Load pretrained SentenceTransformer: sentence-transformers/all-MiniLM-L6-v2"}
{"ts": "2025-08-12T01:12:19+0800", "level": "INFO", "logger": "sentence_transformers.SentenceTransformer", "msg": "Use pytorch device_name: cpu"}
{"ts": "2025-08-12T01:12:19+0800", "level": "INFO", "logger": "sentence_transformers.SentenceTransformer", "msg": "Load pretrained SentenceTransformer: sentence-transformers/all-MiniLM-L6-v2"}
{"ts": "2025-08-12T01:12:59+0800", "level": "INFO", "logger": "sentence_transformers.SentenceTransformer", "msg": "Use pytorch device_name: cpu"}
{"ts": "2025-08-12T01:12:59+0800", "level": "INFO", "logger": "sentence_transformers.SentenceTransformer", "msg": "Load pretrained SentenceTransformer: sentence-transformers/all-MiniLM-L6-v2"}
{"ts": "2025-08-12T01:13:32+0800", "level": "INFO", "logger": "sentence_transformers.SentenceTransformer", "msg": "Use pytorch device_name: cpu"}
{"ts": "2025-08-12T01:13:32+0800", "level": "INFO", "logger": "sentence_transformers.SentenceTransformer", "msg": "Load pretrained SentenceTransformer: sentence-transformers/all-MiniLM-L6-v2"}
{"ts": "2025-08-12T01:14:07+0800", "level": "INFO", "logger": "sentence_transformers.SentenceTransformer", "msg": "Use pytorch device_name: cpu"}
{"ts": "2025-08-12T01:14:07+0800", "level": "INFO", "logger": "sentence_transformers.SentenceTransformer", "msg": "Load pretrained SentenceTransformer: sentence-transformers/all-MiniLM-L6-v2"}
{"ts": "2025-08-12T01:15:22+0800", "level": "INFO", "logger": "sentence_transformers.SentenceTransformer", "msg": "Use pytorch device_name: cpu"}
{"ts": "2025-08-12T01:15:22+0800", "level": "INFO", "logger": "sentence_transformers.SentenceTransformer", "msg": "Load pretrained SentenceTransformer: sentence-transformers/all-MiniLM-L6-v2"}
{"ts": "2025-08-12T01:15:58+0800", "level": "INFO", "logger": "sentence_transformers.SentenceTransformer", "msg": "Use pytorch device_name: cpu"}
{"ts": "2025-08-12T01:15:58+0800", "level": "INFO", "logger": "sentence_transformers.SentenceTransformer", "msg": "Load pretrained SentenceTransformer: sentence-transformers/all-MiniLM-L6-v2"}
{"ts": "2025-08-12T01:18:19+0800", "level": "INFO", "logger": "sentence_transformers.SentenceTransformer", "msg": "Use pytorch device_name: cpu"}
{"ts": "2025-08-12T01:18:19+0800", "level": "INFO", "logger": "sentence_transformers.SentenceTransformer", "msg": "Load pretrained SentenceTransformer: sentence-transformers/all-MiniLM-L6-v2"}
{"ts": "2025-08-12T01:18:57+0800", "level": "INFO", "logger": "sentence_transformers.SentenceTransformer", "msg": "Use pytorch device_name: cpu"}
{"ts": "2025-08-12T01:18:57+0800", "level": "INFO", "logger": "sentence_transformers.SentenceTransformer", "msg": "Load pretrained SentenceTransformer: sentence-transformers/all-MiniLM-L6-v2"}
{"ts": "2025-08-12T01:19:30+0800", "level": "INFO", "logger": "sentence_transformers.SentenceTransformer", "msg": "Use pytorch device_name: cpu"}
{"ts": "2025-08-12T01:19:30+0800", "level": "INFO", "logger": "sentence_transformers.SentenceTransformer", "msg": "Load pretrained SentenceTransformer: sentence-transformers/all-MiniLM-L6-v2"}
{"ts": "2025-08-12T01:20:03+0800", "level": "INFO", "logger": "sentence_transformers.SentenceTransformer", "msg": "Use pytorch device_name: cpu"}
{"ts": "2025-08-12T01:20:03+0800", "level": "INFO", "logger": "sentence_transformers.SentenceTransformer", "msg": "Load pretrained SentenceTransformer: sentence-transformers/all-MiniLM-L6-v2"}
{"ts": "2025-08-12T01:20:36+0800", "level": "INFO", "logger": "sentence_transformers.SentenceTransformer", "msg": "Use pytorch device_name: cpu"}
{"ts": "2025-08-12T01:20:36+0800", "level": "INFO", "logger": "sentence_transformers.SentenceTransformer", "msg": "Load pretrained SentenceTransformer: sentence-transformers/all-MiniLM-L6-v2"}
{"ts": "2025-08-12T01:21:11+0800", "level": "INFO", "logger": "sentence_transformers.SentenceTransformer", "msg": "Use pytorch device_name: cpu"}
{"ts": "2025-08-12T01:21:11+0800", "level": "INFO", "logger": "sentence_transformers.SentenceTransformer", "msg": "Load pretrained SentenceTransformer: sentence-transformers/all-MiniLM-L6-v2"}
{"ts": "2025-08-12T01:21:50+0800", "level": "INFO", "logger": "sentence_transformers.SentenceTransformer", "msg": "Use pytorch device_name: cpu"}
{"ts": "2025-08-12T01:21:50+0800", "level": "INFO", "logger": "sentence_transformers.SentenceTransformer", "msg": "Load pretrained SentenceTransformer: sentence-transformers/all-MiniLM-L6-v2"}
{"ts": "2025-08-12T01:22:27+0800", "level": "INFO", "logger": "sentence_transformers.SentenceTransformer", "msg": "Use pytorch device_name: cpu"}
{"ts": "2025-08-12T01:22:27+0800", "level": "INFO", "logger": "sentence_transformers.SentenceTransformer", "msg": "Load pretrained SentenceTransformer: sentence-transformers/all-MiniLM-L6-v2"}
{"ts": "2025-08-12T01:22:59+0800", "level": "INFO", "logger": "sentence_transformers.SentenceTransformer", "msg": "Use pytorch device_name: cpu"}
{"ts": "2025-08-12T01:22:59+0800", "level": "INFO", "logger": "sentence_transformers.SentenceTransformer", "msg": "Load pretrained SentenceTransformer: sentence-transformers/all-MiniLM-L6-v2"}
{"ts": "2025-08-12T01:23:31+0800", "level": "INFO", "logger": "sentence_transformers.SentenceTransformer", "msg": "Use pytorch device_name: cpu"}
{"ts": "2025-08-12T01:23:31+0800", "level": "INFO", "logger": "sentence_transformers.SentenceTransformer", "msg": "Load pretrained SentenceTransformer: sentence-transformers/all-MiniLM-L6-v2"}
{"ts": "2025-08-12T01:24:04+0800", "level": "INFO", "logger": "sentence_transformers.SentenceTransformer", "msg": "Use pytorch device_name: cpu"}
{"ts": "2025-08-12T01:24:04+0800", "level": "INFO", "logger": "sentence_transformers.SentenceTransformer", "msg": "Load pretrained SentenceTransformer: sentence-transformers/all-MiniLM-L6-v2"}
{"ts": "2025-08-12T01:24:39+0800", "level": "INFO", "logger": "sentence_transformers.SentenceTransformer", "msg": "Use pytorch device_name: cpu"}
{"ts": "2025-08-12T01:24:39+0800", "level": "INFO", "logger": "sentence_transformers.SentenceTransformer", "msg": "Load pretrained SentenceTransformer: sentence-transformers/all-MiniLM-L6-v2"}
{"ts": "2025-08-12T01:25:13+0800", "level": "INFO", "logger": "sentence_transformers.SentenceTransformer", "msg": "Use pytorch device_name: cpu"}
{"ts": "2025-08-12T01:25:13+0800", "level": "INFO", "logger": "sentence_transformers.SentenceTransformer", "msg": "Load pretrained SentenceTransformer: sentence-transformers/all-MiniLM-L6-v2"}
{"ts": "2025-08-12T01:25:46+0800", "level": "INFO", "logger": "sentence_transformers.SentenceTransformer", "msg": "Use pytorch device_name: cpu"}
{"ts": "2025-08-12T01:25:46+0800", "level": "INFO", "logger": "sentence_transformers.SentenceTransformer", "msg": "Load pretrained SentenceTransformer: sentence-transformers/all-MiniLM-L6-v2"}
{"ts": "2025-08-12T01:26:20+0800", "level": "INFO", "logger": "sentence_transformers.SentenceTransformer", "msg": "Use pytorch device_name: cpu"}
{"ts": "2025-08-12T01:26:20+0800", "level": "INFO", "logger": "sentence_transformers.SentenceTransformer", "msg": "Load pretrained SentenceTransformer: sentence-transformers/all-MiniLM-L6-v2"}
{"ts": "2025-08-12T01:26:54+0800", "level": "INFO", "logger": "sentence_transformers.SentenceTransformer", "msg": "Use pytorch device_name: cpu"}
{"ts": "2025-08-12T01:26:54+0800", "level": "INFO", "logger": "sentence_transformers.SentenceTransformer", "msg": "Load pretrained SentenceTransformer: sentence-transformers/all-MiniLM-L6-v2"}
{"ts": "2025-08-12T01:27:28+0800", "level": "INFO", "logger": "sentence_transformers.SentenceTransformer", "msg": "Use pytorch device_name: cpu"}
{"ts": "2025-08-12T01:27:28+0800", "level": "INFO", "logger": "sentence_transformers.SentenceTransformer", "msg": "Load pretrained SentenceTransformer: sentence-transformers/all-MiniLM-L6-v2"}
{"ts": "2025-08-12T01:28:03+0800", "level": "INFO", "logger": "sentence_transformers.SentenceTransformer", "msg": "Use pytorch device_name: cpu"}
{"ts": "2025-08-12T01:28:03+0800", "level": "INFO", "logger": "sentence_transformers.SentenceTransformer", "msg": "Load pretrained SentenceTransformer: sentence-transformers/all-MiniLM-L6-v2"}
{"ts": "2025-08-12T01:28:36+0800", "level": "INFO", "logger": "sentence_transformers.SentenceTransformer", "msg": "Use pytorch device_name: cpu"}
{"ts": "2025-08-12T01:28:36+0800", "level": "INFO", "logger": "sentence_transformers.SentenceTransformer", "msg": "Load pretrained SentenceTransformer: sentence-transformers/all-MiniLM-L6-v2"}
{"ts": "2025-08-12T01:29:13+0800", "level": "INFO", "logger": "sentence_transformers.SentenceTransformer", "msg": "Use pytorch device_name: cpu"}
{"ts": "2025-08-12T01:29:13+0800", "level": "INFO", "logger": "sentence_transformers.SentenceTransformer", "msg": "Load pretrained SentenceTransformer: sentence-transformers/all-MiniLM-L6-v2"}
{"ts": "2025-08-12T01:29:45+0800", "level": "INFO", "logger": "sentence_transformers.SentenceTransformer", "msg": "Use pytorch device_name: cpu"}
{"ts": "2025-08-12T01:29:45+0800", "level": "INFO", "logger": "sentence_transformers.SentenceTransformer", "msg": "Load pretrained SentenceTransformer: sentence-transformers/all-MiniLM-L6-v2"}
{"ts": "2025-08-12T01:33:37+0800", "level": "INFO", "logger": "sentence_transformers.SentenceTransformer", "msg": "Use pytorch device_name: cpu"}
{"ts": "2025-08-12T01:33:37+0800", "level": "INFO", "logger": "sentence_transformers.SentenceTransformer", "msg": "Load pretrained SentenceTransformer: sentence-transformers/all-MiniLM-L6-v2"}
{"ts": "2025-08-12T01:34:17+0800", "level": "INFO", "logger": "sentence_transformers.SentenceTransformer", "msg": "Use pytorch device_name: cpu"}
{"ts": "2025-08-12T01:34:17+0800", "level": "INFO", "logger": "sentence_transformers.SentenceTransformer", "msg": "Load pretrained SentenceTransformer: sentence-transformers/all-MiniLM-L6-v2"}
{"ts": "2025-08-12T01:34:52+0800", "level": "INFO", "logger": "sentence_transformers.SentenceTransformer", "msg": "Use pytorch device_name: cpu"}
{"ts": "2025-08-12T01:34:52+0800", "level": "INFO", "logger": "sentence_transformers.SentenceTransformer", "msg": "Load pretrained SentenceTransformer: sentence-transformers/all-MiniLM-L6-v2"}
{"ts": "2025-08-12T01:35:25+0800", "level": "INFO", "logger": "sentence_transformers.SentenceTransformer", "msg": "Use pytorch device_name: cpu"}
{"ts": "2025-08-12T01:35:25+0800", "level": "INFO", "logger": "sentence_transformers.SentenceTransformer", "msg": "Load pretrained SentenceTransformer: sentence-transformers/all-MiniLM-L6-v2"}
{"ts": "2025-08-12T01:36:02+0800", "level": "INFO", "logger": "sentence_transformers.SentenceTransformer", "msg": "Use pytorch device_name: cpu"}
{"ts": "2025-08-12T01:36:02+0800", "level": "INFO", "logger": "sentence_transformers.SentenceTransformer", "msg": "Load pretrained SentenceTransformer: sentence-transformers/all-MiniLM-L6-v2"}
{"ts": "2025-08-12T01:37:12+0800", "level": "INFO", "logger": "sentence_transformers.SentenceTransformer", "msg": "Use pytorch device_name: cpu"}
{"ts": "2025-08-12T01:37:12+0800", "level": "INFO", "logger": "sentence_transformers.SentenceTransformer", "msg": "Load pretrained SentenceTransformer: sentence-transformers/all-MiniLM-L6-v2"}
{"ts": "2025-08-12T01:37:51+0800", "level": "INFO", "logger": "sentence_transformers.SentenceTransformer", "msg": "Use pytorch device_name: cpu"}
{"ts": "2025-08-12T01:37:51+0800", "level": "INFO", "logger": "sentence_transformers.SentenceTransformer", "msg": "Load pretrained SentenceTransformer: sentence-transformers/all-MiniLM-L6-v2"}
{"ts": "2025-08-12T01:38:26+0800", "level": "INFO", "logger": "sentence_transformers.SentenceTransformer", "msg": "Use pytorch device_name: cpu"}
{"ts": "2025-08-12T01:38:26+0800", "level": "INFO", "logger": "sentence_transformers.SentenceTransformer", "msg": "Load pretrained SentenceTransformer: sentence-transformers/all-MiniLM-L6-v2"}
{"ts": "2025-08-12T01:39:01+0800", "level": "INFO", "logger": "sentence_transformers.SentenceTransformer", "msg": "Use pytorch device_name: cpu"}
{"ts": "2025-08-12T01:39:01+0800", "level": "INFO", "logger": "sentence_transformers.SentenceTransformer", "msg": "Load pretrained SentenceTransformer: sentence-transformers/all-MiniLM-L6-v2"}
{"ts": "2025-08-12T01:39:38+0800", "level": "INFO", "logger": "sentence_transformers.SentenceTransformer", "msg": "Use pytorch device_name: cpu"}
{"ts": "2025-08-12T01:39:38+0800", "level": "INFO", "logger": "sentence_transformers.SentenceTransformer", "msg": "Load pretrained SentenceTransformer: sentence-transformers/all-MiniLM-L6-v2"}
{"ts": "2025-08-12T01:40:43+0800", "level": "INFO", "logger": "sentence_transformers.SentenceTransformer", "msg": "Use pytorch device_name: cpu"}
{"ts": "2025-08-12T01:40:43+0800", "level": "INFO", "logger": "sentence_transformers.SentenceTransformer", "msg": "Load pretrained SentenceTransformer: sentence-transformers/all-MiniLM-L6-v2"}
{"ts": "2025-08-12T01:41:26+0800", "level": "INFO", "logger": "sentence_transformers.SentenceTransformer", "msg": "Use pytorch device_name: cpu"}
{"ts": "2025-08-12T01:41:26+0800", "level": "INFO", "logger": "sentence_transformers.SentenceTransformer", "msg": "Load pretrained SentenceTransformer: sentence-transformers/all-MiniLM-L6-v2"}
{"ts": "2025-08-12T01:42:05+0800", "level": "INFO", "logger": "sentence_transformers.SentenceTransformer", "msg": "Use pytorch device_name: cpu"}
{"ts": "2025-08-12T01:42:05+0800", "level": "INFO", "logger": "sentence_transformers.SentenceTransformer", "msg": "Load pretrained SentenceTransformer: sentence-transformers/all-MiniLM-L6-v2"}
{"ts": "2025-08-12T01:42:43+0800", "level": "INFO", "logger": "sentence_transformers.SentenceTransformer", "msg": "Use pytorch device_name: cpu"}
{"ts": "2025-08-12T01:42:43+0800", "level": "INFO", "logger": "sentence_transformers.SentenceTransformer", "msg": "Load pretrained SentenceTransformer: sentence-transformers/all-MiniLM-L6-v2"}
{"ts": "2025-08-12T01:43:49+0800", "level": "INFO", "logger": "sentence_transformers.SentenceTransformer", "msg": "Use pytorch device_name: cpu"}
{"ts": "2025-08-12T01:43:49+0800", "level": "INFO", "logger": "sentence_transformers.SentenceTransformer", "msg": "Load pretrained SentenceTransformer: sentence-transformers/all-MiniLM-L6-v2"}
{"ts": "2025-08-12T01:44:30+0800", "level": "INFO", "logger": "sentence_transformers.SentenceTransformer", "msg": "Use pytorch device_name: cpu"}
{"ts": "2025-08-12T01:44:30+0800", "level": "INFO", "logger": "sentence_transformers.SentenceTransformer", "msg": "Load pretrained SentenceTransformer: sentence-transformers/all-MiniLM-L6-v2"}
{"ts": "2025-08-12T01:45:04+0800", "level": "INFO", "logger": "sentence_transformers.SentenceTransformer", "msg": "Use pytorch device_name: cpu"}
{"ts": "2025-08-12T01:45:04+0800", "level": "INFO", "logger": "sentence_transformers.SentenceTransformer", "msg": "Load pretrained SentenceTransformer: sentence-transformers/all-MiniLM-L6-v2"}
{"ts": "2025-08-12T01:45:33+0800", "level": "ERROR", "logger": "runner", "msg": "runner_loop_error", "exc_info": "Traceback (most recent call last):\n  File \"D:\\Programming\\auto-gaming\\app\\agents\\runner.py\", line 473, in _run_loop\n    execute(action)\n  File \"D:\\Programming\\auto-gaming\\app\\actions\\executor.py\", line 145, in execute\n    do_window()\n  File \"D:\\Programming\\auto-gaming\\app\\actions\\executor.py\", line 106, in do_window\n    rect = find_window_rect(settings.window_title_hint)\n           ^^^^^^^^^^^^^^^^^^^^^^^^^^^^^^^^^^^^^^^^^^^^\n  File \"D:\\Programming\\auto-gaming\\app\\services\\capture\\window_capture.py\", line 107, in find_window_rect\n    raise WindowCaptureError(\napp.services.capture.window_capture.WindowCaptureError: Emulator window not found. Ensure the emulator is running and visible (not minimized). WINDOW_TITLE_HINT=Google Play Games|Epic Seven|Epic 7|Epic Seven - FRl3ZD."}
